2018-04-14 15:33:40 Start.
2018-04-14 15:33:40 场景<1>开始.
2018-04-14 15:33:44 chrome浏览器启动成功.
2018-04-14 15:33:44 开始加载脚本...
2018-04-14 15:33:44 脚本<1>：前端登陆 加载成功.脚本路径：script/testCase/U商城/商城前端登陆退出/前端登陆
2018-04-14 15:33:44 脚本<2>：使用前端下单 加载成功.脚本路径：script/testCase/U商城/U商城核心业务流程/周期购业务流程/使用前端下单
2018-04-14 15:33:44 脚本加载完成...
2018-04-14 15:33:44 开始运行脚本<class 'script.testCase.U商城.商城前端登陆退出.前端登陆.EasyCase'>
2018-04-14 15:33:46 行号:0    PASS   最大化浏览器窗口[maximize_window]  用时:2.153s  
2018-04-14 15:33:50 行号:18   PASS   访问页面[get]  用时:1.441s  
2018-04-14 15:33:56 行号:21   PASS   查找元素[find_element]  用时:0.044s  
2018-04-14 15:33:57 行号:21   PASS   清除文本[clear]  用时:0.055s  
2018-04-14 15:33:58 行号:22   PASS   查找元素[find_element]  用时:0.043s  
2018-04-14 15:33:58 行号:22   PASS   模拟输入[send_keys]  用时:0.124s  
2018-04-14 15:33:59 行号:23   PASS   查找元素[find_element]  用时:0.044s  
2018-04-14 15:34:00 行号:23   PASS   清除文本[clear]  用时:0.022s  
2018-04-14 15:34:01 行号:24   PASS   查找元素[find_element]  用时:0.044s  
2018-04-14 15:34:01 行号:24   PASS   模拟输入[send_keys]  用时:0.092s  
2018-04-14 15:34:02 行号:25   PASS   查找元素[find_element]  用时:0.033s  
2018-04-14 15:34:03 行号:25   PASS   清除文本[clear]  用时:0.055s  
2018-04-14 15:34:04 行号:26   PASS   查找元素[find_element]  用时:0.018s  
2018-04-14 15:34:05 行号:26   PASS   模拟输入[send_keys]  用时:0.091s  
2018-04-14 15:34:06 行号:27   PASS   查找元素[find_element]  用时:0.042s  
2018-04-14 15:34:06 行号:27   PASS   左键单击[click]  用时:0.060s  
2018-04-14 15:34:12 脚本运行完毕...
2018-04-14 15:34:12 开始运行脚本<class 'script.testCase.U商城.U商城核心业务流程.周期购业务流程.使用前端下单.EasyCase'>
2018-04-14 15:34:12 行号:0    PASS   最大化浏览器窗口[maximize_window]  用时:0.013s  
2018-04-14 15:34:13 行号:19   PASS   查找元素[find_element]  用时:0.049s  
2018-04-14 15:34:14 行号:19   PASS   清除文本[clear]  用时:0.054s  
2018-04-14 15:34:15 行号:19   PASS   查找元素[find_element]  用时:0.052s  
2018-04-14 15:34:16 行号:19   PASS   模拟输入[send_keys]  用时:0.103s  
2018-04-14 15:34:17 行号:19   PASS   查找元素[find_element]  用时:0.041s  
2018-04-14 15:34:17 行号:19   PASS   左键单击[click]  用时:0.073s  
2018-04-14 15:34:21 行号:20   PASS   查找元素[find_element]  用时:0.052s  
2018-04-14 15:34:22 行号:20   PASS   左键单击[click]  用时:0.074s  
2018-04-14 15:34:23 行号:20   PASS   切换到窗口[window]  用时:0.005s  
2018-04-14 15:34:27 行号:20   PASS   查找元素[find_element]  用时:0.065s  
2018-04-14 15:34:27 行号:20   PASS   左键单击[click]  用时:0.068s  
2018-04-14 15:34:31 行号:21   PASS   查找元素[find_element]  用时:0.044s  
2018-04-14 15:34:32 行号:0    ERROR  [runTest]  用时:  测试用例脚本发生错误，请检查脚本代码：'WebElement' object has no attribute 'findall'
2018-04-14 15:34:32 脚本运行完毕...
2018-04-14 15:34:32 行号:0    PASS   关闭浏览器[quit]  用时:0.084s  
2018-04-14 15:34:36 场景<1>结束.用时:56.498s.
2018-04-14 15:34:36 场景统计结果：PASS: 30(96.77%),FAIL:  0(0.00%),ERROR:  1(3.23%),TRUE:  0,FALSE:  0

2018-04-14 15:34:36 ----------------------------------------
2018-04-14 15:34:36 End.
2018-04-14 15:34:36 测试方案统计结果:
                    场景<1>:PASS: 30(96.77%),FAIL:  0(0.00%),ERROR:  1(3.23%),TRUE:  0,FALSE:  0
                    总   计:PASS: 30(96.77%),FAIL:  0(0.00%),ERROR:  1(3.23%),TRUE:  0,FALSE:  0

