2018-04-12 15:07:21 Start.
2018-04-12 15:07:21 场景<1>开始.
2018-04-12 15:07:25 chrome浏览器启动成功.
2018-04-12 15:07:25 开始加载脚本...
2018-04-12 15:07:25 脚本<1>：U商城登录 加载成功.脚本路径：script/testCase/U商城/商城后端登陆退出/U商城登录
2018-04-12 15:07:25 脚本<2>：站内信设置 加载成功.脚本路径：script/testCase/U商城/商城设置/站内信设置/站内信设置
2018-04-12 15:07:25 脚本加载完成...
2018-04-12 15:07:25 开始运行脚本<class 'script.testCase.U商城.商城后端登陆退出.U商城登录.EasyCase'>
2018-04-12 15:07:27 行号:0    PASS   最大化浏览器窗口[maximize_window]  用时:1.911s  
2018-04-12 15:07:56 行号:33   PASS   访问页面[get]  用时:26.869s  
2018-04-12 15:07:57 行号:34   PASS   查找元素[find_element]  用时:0.043s  
2018-04-12 15:07:58 行号:34   PASS   左键单击[click]  用时:0.081s  
2018-04-12 15:07:59 行号:35   PASS   关闭窗口[close]  用时:0.064s  
2018-04-12 15:08:00 行号:37   PASS   切换到窗口[window]  用时:0.014s  
2018-04-12 15:08:01 行号:38   PASS   查找元素[find_element]  用时:0.059s  
2018-04-12 15:08:02 行号:38   PASS   清除文本[clear]  用时:0.051s  
2018-04-12 15:08:08 行号:41   PASS   查找元素[find_element]  用时:0.045s  
2018-04-12 15:08:08 行号:41   PASS   模拟输入[send_keys]  用时:0.092s  
2018-04-12 15:08:14 行号:43   PASS   查找元素[find_element]  用时:0.037s  
2018-04-12 15:08:15 行号:43   PASS   清除文本[clear]  用时:0.034s  
2018-04-12 15:08:21 行号:46   PASS   查找元素[find_element]  用时:0.038s  
2018-04-12 15:08:22 行号:46   PASS   模拟输入[send_keys]  用时:0.104s  
2018-04-12 15:08:28 行号:48   PASS   查找元素[find_element]  用时:0.029s  
2018-04-12 15:08:28 行号:48   PASS   左键单击[click]  用时:0.081s  
2018-04-12 15:08:39 行号:52   TRUE   断言：实例[assertIsInstance] 用时:0.000s TRUE.
2018-04-12 15:08:39 行号:52   TRUE   断言：实例[assertIsInstance] 用时:0.000s TRUE.
2018-04-12 15:08:39 行号:52   TRUE   断言：相等[assertEqual] 用时:0.001s TRUE.
2018-04-12 15:08:44 脚本运行完毕...
2018-04-12 15:08:44 开始运行脚本<class 'script.testCase.U商城.商城设置.站内信设置.站内信设置.EasyCase'>
2018-04-12 15:08:44 行号:0    PASS   最大化浏览器窗口[maximize_window]  用时:0.023s  
2018-04-12 15:08:45 行号:23   PASS   查找元素[find_element]  用时:0.033s  
2018-04-12 15:08:46 行号:23   PASS   左键单击[click]  用时:0.071s  
2018-04-12 15:08:50 行号:23   PASS   查找元素[find_element]  用时:0.045s  
2018-04-12 15:08:50 行号:23   PASS   左键单击[click]  用时:0.070s  
2018-04-12 15:08:57 行号:24   PASS   查找元素[find_element]  用时:0.052s  
2018-04-12 15:08:57 行号:24   PASS   左键单击[click]  用时:0.061s  
2018-04-12 15:09:00 行号:24   PASS   查找元素[find_element]  用时:0.038s  
2018-04-12 15:09:01 行号:24   PASS   左键单击[click]  用时:0.039s  
2018-04-12 15:09:04 行号:24   PASS   查找元素[find_element]  用时:0.040s  
2018-04-12 15:09:04 行号:24   PASS   左键单击[click]  用时:0.074s  
2018-04-12 15:09:07 行号:24   PASS   查找元素[find_element]  用时:0.047s  
2018-04-12 15:09:08 行号:24   PASS   左键单击[click]  用时:0.072s  
2018-04-12 15:09:12 行号:24   PASS   查找元素[find_element]  用时:0.043s  
2018-04-12 15:09:13 行号:24   PASS   左键单击[click]  用时:0.062s  
2018-04-12 15:09:14 行号:24   PASS   查找元素[find_element]  用时:0.042s  
2018-04-12 15:09:14 行号:24   PASS   左键单击[click]  用时:0.071s  
2018-04-12 15:09:15 行号:24   PASS   查找元素[find_element]  用时:0.041s  
2018-04-12 15:09:16 行号:24   PASS   左键单击[click]  用时:0.054s  
2018-04-12 15:09:19 行号:24   PASS   查找元素[find_element]  用时:0.038s  
2018-04-12 15:09:19 行号:24   PASS   左键单击[click]  用时:0.053s  
2018-04-12 15:09:22 行号:24   PASS   查找元素[find_element]  用时:0.047s  
2018-04-12 15:09:23 行号:24   PASS   左键单击[click]  用时:0.070s  
2018-04-12 15:09:26 行号:24   PASS   查找元素[find_element]  用时:0.046s  
2018-04-12 15:09:27 行号:24   PASS   左键单击[click]  用时:0.082s  
2018-04-12 15:09:31 行号:24   PASS   查找元素[find_element]  用时:0.049s  
2018-04-12 15:09:31 行号:24   PASS   左键单击[click]  用时:0.071s  
2018-04-12 15:09:32 行号:24   PASS   查找元素[find_element]  用时:0.028s  
2018-04-12 15:09:33 行号:24   PASS   左键单击[click]  用时:0.068s  
2018-04-12 15:09:34 行号:24   PASS   查找元素[find_element]  用时:0.042s  
2018-04-12 15:09:34 行号:24   PASS   左键单击[click]  用时:0.070s  
2018-04-12 15:09:37 行号:24   PASS   查找元素[find_element]  用时:0.040s  
2018-04-12 15:09:38 行号:24   PASS   左键单击[click]  用时:0.072s  
2018-04-12 15:09:41 行号:24   PASS   查找元素[find_element]  用时:0.050s  
2018-04-12 15:09:42 行号:24   PASS   左键单击[click]  用时:0.077s  
2018-04-12 15:09:45 行号:24   PASS   查找元素[find_element]  用时:0.045s  
2018-04-12 15:09:45 行号:24   PASS   左键单击[click]  用时:0.079s  
2018-04-12 15:09:49 行号:24   PASS   查找元素[find_element]  用时:0.047s  
2018-04-12 15:09:50 行号:24   PASS   左键单击[click]  用时:0.057s  
2018-04-12 15:09:51 行号:24   PASS   查找元素[find_element]  用时:0.037s  
2018-04-12 15:09:51 行号:24   PASS   左键单击[click]  用时:0.074s  
2018-04-12 15:09:53 行号:24   PASS   查找元素[find_element]  用时:0.045s  
2018-04-12 15:09:53 行号:24   PASS   左键单击[click]  用时:0.072s  
2018-04-12 15:09:56 行号:24   PASS   查找元素[find_element]  用时:0.041s  
2018-04-12 15:09:57 行号:24   PASS   左键单击[click]  用时:0.079s  
2018-04-12 15:10:00 行号:24   PASS   查找元素[find_element]  用时:0.035s  
2018-04-12 15:10:00 行号:24   PASS   左键单击[click]  用时:0.059s  
2018-04-12 15:10:03 行号:24   PASS   查找元素[find_element]  用时:0.039s  
2018-04-12 15:10:04 行号:24   PASS   左键单击[click]  用时:0.073s  
2018-04-12 15:10:08 行号:24   PASS   查找元素[find_element]  用时:0.043s  
2018-04-12 15:10:09 行号:24   PASS   左键单击[click]  用时:0.075s  
2018-04-12 15:10:10 行号:24   PASS   查找元素[find_element]  用时:0.049s  
2018-04-12 15:10:10 行号:24   PASS   左键单击[click]  用时:0.054s  
2018-04-12 15:10:11 行号:24   PASS   查找元素[find_element]  用时:0.038s  
2018-04-12 15:10:12 行号:24   PASS   左键单击[click]  用时:0.072s  
2018-04-12 15:10:18 脚本运行完毕...
2018-04-12 15:10:18 行号:0    PASS   关闭浏览器[quit]  用时:0.055s  
2018-04-12 15:10:22 场景<1>结束.用时:181.123s.
2018-04-12 15:10:22 场景统计结果：PASS: 72(100.00%),FAIL:  0(0.00%),ERROR:  0(0.00%),TRUE:  3,FALSE:  0

2018-04-12 15:10:22 ----------------------------------------
2018-04-12 15:10:22 End.
2018-04-12 15:10:22 测试方案统计结果:
                    场景<1>:PASS: 72(100.00%),FAIL:  0(0.00%),ERROR:  0(0.00%),TRUE:  3,FALSE:  0
                    总   计:PASS: 72(100.00%),FAIL:  0(0.00%),ERROR:  0(0.00%),TRUE:  3,FALSE:  0

