2018-04-12 16:03:43 Start.
2018-04-12 16:03:43 场景<1>开始.
2018-04-12 16:03:47 chrome浏览器启动成功.
2018-04-12 16:03:47 开始加载脚本...
2018-04-12 16:03:47 脚本<1>：U商城登录 加载成功.脚本路径：script/testCase/U商城/商城后端登陆退出/U商城登录
2018-04-12 16:03:47 脚本<2>：启用周期购业务 加载成功.脚本路径：script/testCase/U商城/U商城核心业务流程/周期购业务流程/启用周期购业务
2018-04-12 16:03:47 脚本加载完成...
2018-04-12 16:03:47 开始运行脚本<class 'script.testCase.U商城.商城后端登陆退出.U商城登录.EasyCase'>
2018-04-12 16:03:50 行号:0    PASS   最大化浏览器窗口[maximize_window]  用时:2.180s  
2018-04-12 16:04:19 行号:33   PASS   访问页面[get]  用时:26.741s  
2018-04-12 16:04:20 行号:34   PASS   查找元素[find_element]  用时:0.044s  
2018-04-12 16:04:21 行号:34   PASS   左键单击[click]  用时:0.073s  
2018-04-12 16:04:22 行号:35   PASS   关闭窗口[close]  用时:0.062s  
2018-04-12 16:04:23 行号:37   PASS   切换到窗口[window]  用时:0.013s  
2018-04-12 16:04:24 行号:38   PASS   查找元素[find_element]  用时:0.032s  
2018-04-12 16:04:24 行号:38   PASS   清除文本[clear]  用时:0.048s  
2018-04-12 16:04:31 行号:41   PASS   查找元素[find_element]  用时:0.052s  
2018-04-12 16:04:31 行号:41   PASS   模拟输入[send_keys]  用时:0.124s  
2018-04-12 16:04:37 行号:43   PASS   查找元素[find_element]  用时:0.039s  
2018-04-12 16:04:38 行号:43   PASS   清除文本[clear]  用时:0.054s  
2018-04-12 16:04:44 行号:46   PASS   查找元素[find_element]  用时:0.024s  
2018-04-12 16:04:44 行号:46   PASS   模拟输入[send_keys]  用时:0.104s  
2018-04-12 16:04:50 行号:48   PASS   查找元素[find_element]  用时:0.043s  
2018-04-12 16:04:51 行号:48   PASS   左键单击[click]  用时:0.075s  
2018-04-12 16:05:02 行号:52   TRUE   断言：实例[assertIsInstance] 用时:0.000s TRUE.
2018-04-12 16:05:02 行号:52   TRUE   断言：实例[assertIsInstance] 用时:0.000s TRUE.
2018-04-12 16:05:02 行号:52   TRUE   断言：相等[assertEqual] 用时:0.001s TRUE.
2018-04-12 16:05:07 脚本运行完毕...
2018-04-12 16:05:07 开始运行脚本<class 'script.testCase.U商城.U商城核心业务流程.周期购业务流程.启用周期购业务.EasyCase'>
2018-04-12 16:05:07 行号:0    PASS   最大化浏览器窗口[maximize_window]  用时:0.021s  
2018-04-12 16:05:08 行号:26   PASS   查找元素[find_element]  用时:0.048s  
2018-04-12 16:05:09 行号:26   PASS   左键单击[click]  用时:0.061s  
2018-04-12 16:05:13 行号:26   PASS   查找元素[find_element]  用时:0.033s  
2018-04-12 16:05:13 行号:26   PASS   左键单击[click]  用时:0.058s  
2018-04-12 16:05:14 行号:27   PASS   查找元素[find_element]  用时:0.039s  
2018-04-12 16:05:15 行号:27   PASS   左键单击[click]  用时:0.067s  
2018-04-12 16:05:16 行号:28   PASS   查找元素[find_element]  用时:0.042s  
2018-04-12 16:05:16 行号:28   PASS   左键单击[click]  用时:0.069s  
2018-04-12 16:05:21 行号:28   PASS   查找元素[find_element]  用时:0.045s  
2018-04-12 16:05:21 行号:28   PASS   左键单击[click]  用时:0.064s  
2018-04-12 16:05:22 行号:33   PASS   查找元素[find_element]  用时:0.044s  
2018-04-12 16:05:23 行号:33   PASS   左键单击[click]  用时:0.067s  
2018-04-12 16:05:27 行号:33   PASS   查找元素[find_element]  用时:0.046s  
2018-04-12 16:05:27 行号:33   PASS   左键单击[click]  用时:0.068s  
2018-04-12 16:05:31 行号:33   PASS   查找元素[find_element]  用时:0.046s  
2018-04-12 16:05:32 行号:33   PASS   左键单击[click]  用时:0.071s  
2018-04-12 16:05:35 行号:33   PASS   查找元素[find_element]  用时:0.035s  
2018-04-12 16:05:36 行号:33   PASS   模拟输入[send_keys]  用时:0.120s  
2018-04-12 16:05:40 行号:33   PASS   查找元素[find_element]  用时:0.045s  
2018-04-12 16:05:40 行号:33   PASS   模拟输入[send_keys]  用时:0.109s  
2018-04-12 16:05:41 行号:33   PASS   查找元素[find_element]  用时:0.042s  
2018-04-12 16:05:42 行号:33   PASS   查找元素[find_element]  用时:0.030s  
2018-04-12 16:05:42 行号:33   PASS   左键单击[click]  用时:0.058s  
2018-04-12 16:05:46 行号:33   PASS   查找元素[find_element]  用时:0.017s  
2018-04-12 16:05:47 行号:33   PASS   左键单击[click]  用时:0.073s  
2018-04-12 16:05:48 行号:33   PASS   执行JS代码[execute_script]  用时:0.016s  
2018-04-12 16:05:49 行号:36   PASS   执行JS代码[execute_script]  用时:0.012s  
2018-04-12 16:05:50 行号:36   PASS   查找元素[find_element]  用时:0.052s  
2018-04-12 16:05:54 行号:36   PASS   查找元素[find_element]  用时:0.042s  
2018-04-12 16:05:54 行号:36   PASS   左键单击[click]  用时:0.081s  
2018-04-12 16:05:55 行号:36   PASS   执行JS代码[execute_script]  用时:0.013s  
2018-04-12 16:05:56 行号:39   PASS   执行JS代码[execute_script]  用时:0.014s  
2018-04-12 16:05:57 行号:39   PASS   查找元素[find_element]  用时:0.052s  
2018-04-12 16:05:58 行号:39   PASS   左键单击[click]  用时:0.069s  
2018-04-12 16:05:59 行号:39   PASS   查找元素[find_element]  用时:0.046s  
2018-04-12 16:05:59 行号:39   PASS   左键单击[click]  用时:0.087s  
2018-04-12 16:06:01 行号:39   PASS   查找元素[find_element]  用时:0.040s  
2018-04-12 16:06:01 行号:39   PASS   左键单击[click]  用时:0.040s  
2018-04-12 16:06:02 行号:39   PASS   查找元素[find_element]  用时:0.028s  
2018-04-12 16:06:03 行号:39   PASS   左键单击[click]  用时:0.080s  
2018-04-12 16:06:04 行号:39   PASS   查找元素[find_element]  用时:0.040s  
2018-04-12 16:06:04 行号:39   PASS   左键单击[click]  用时:0.068s  
2018-04-12 16:06:05 行号:39   PASS   查找元素[find_element]  用时:0.043s  
2018-04-12 16:06:06 行号:39   PASS   左键单击[click]  用时:0.052s  
2018-04-12 16:06:07 行号:39   PASS   查找元素[find_element]  用时:0.035s  
2018-04-12 16:06:07 行号:39   PASS   左键单击[click]  用时:0.061s  
2018-04-12 16:06:12 行号:40   PASS   查找元素[find_element]  用时:0.037s  
2018-04-12 16:06:12 行号:40   PASS   左键单击[click]  用时:0.060s  
2018-04-12 16:06:16 行号:40   PASS   查找元素[find_element]  用时:0.051s  
2018-04-12 16:06:17 行号:40   PASS   左键单击[click]  用时:0.041s  
2018-04-12 16:06:18 脚本运行完毕...
2018-04-12 16:06:18 行号:0    PASS   关闭浏览器[quit]  用时:0.057s  
2018-04-12 16:06:22 场景<1>结束.用时:158.819s.
2018-04-12 16:06:22 场景统计结果：PASS: 68(100.00%),FAIL:  0(0.00%),ERROR:  0(0.00%),TRUE:  3,FALSE:  0

2018-04-12 16:06:22 ----------------------------------------
2018-04-12 16:06:22 End.
2018-04-12 16:06:22 测试方案统计结果:
                    场景<1>:PASS: 68(100.00%),FAIL:  0(0.00%),ERROR:  0(0.00%),TRUE:  3,FALSE:  0
                    总   计:PASS: 68(100.00%),FAIL:  0(0.00%),ERROR:  0(0.00%),TRUE:  3,FALSE:  0

