2018-04-12 15:13:07 Start.
2018-04-12 15:13:07 场景<1>开始.
2018-04-12 15:13:12 chrome浏览器启动成功.
2018-04-12 15:13:12 开始加载脚本...
2018-04-12 15:13:12 脚本<1>：U商城登录 加载成功.脚本路径：script/testCase/U商城/商城后端登陆退出/U商城登录
2018-04-12 15:13:12 脚本<2>：站内信设置 加载成功.脚本路径：script/testCase/U商城/商城设置/站内信设置/站内信设置
2018-04-12 15:13:12 脚本<3>：固定套餐 加载成功.脚本路径：script/testCase/U商城/商城设置/固定套餐/固定套餐
2018-04-12 15:13:12 脚本加载完成...
2018-04-12 15:13:12 开始运行脚本<class 'script.testCase.U商城.商城后端登陆退出.U商城登录.EasyCase'>
2018-04-12 15:13:14 行号:0    PASS   最大化浏览器窗口[maximize_window]  用时:1.987s  
2018-04-12 15:13:37 行号:33   PASS   访问页面[get]  用时:21.156s  
2018-04-12 15:13:38 行号:34   PASS   查找元素[find_element]  用时:0.052s  
2018-04-12 15:13:39 行号:34   PASS   左键单击[click]  用时:0.071s  
2018-04-12 15:13:40 行号:35   PASS   关闭窗口[close]  用时:0.063s  
2018-04-12 15:13:41 行号:37   PASS   切换到窗口[window]  用时:0.011s  
2018-04-12 15:13:42 行号:38   PASS   查找元素[find_element]  用时:0.060s  
2018-04-12 15:13:42 行号:38   PASS   清除文本[clear]  用时:0.063s  
2018-04-12 15:13:48 行号:41   PASS   查找元素[find_element]  用时:0.043s  
2018-04-12 15:13:49 行号:41   PASS   模拟输入[send_keys]  用时:0.130s  
2018-04-12 15:13:55 行号:43   PASS   查找元素[find_element]  用时:0.036s  
2018-04-12 15:13:56 行号:43   PASS   清除文本[clear]  用时:0.053s  
2018-04-12 15:14:02 行号:46   PASS   查找元素[find_element]  用时:0.039s  
2018-04-12 15:14:02 行号:46   PASS   模拟输入[send_keys]  用时:0.096s  
2018-04-12 15:14:08 行号:48   PASS   查找元素[find_element]  用时:0.041s  
2018-04-12 15:14:09 行号:48   PASS   左键单击[click]  用时:0.073s  
2018-04-12 15:14:20 行号:52   TRUE   断言：实例[assertIsInstance] 用时:0.000s TRUE.
2018-04-12 15:14:20 行号:52   TRUE   断言：实例[assertIsInstance] 用时:0.000s TRUE.
2018-04-12 15:14:20 行号:52   TRUE   断言：相等[assertEqual] 用时:0.001s TRUE.
2018-04-12 15:14:25 脚本运行完毕...
2018-04-12 15:14:25 开始运行脚本<class 'script.testCase.U商城.商城设置.站内信设置.站内信设置.EasyCase'>
2018-04-12 15:14:25 行号:0    PASS   最大化浏览器窗口[maximize_window]  用时:0.022s  
2018-04-12 15:14:26 行号:23   PASS   查找元素[find_element]  用时:0.026s  
2018-04-12 15:14:27 行号:23   PASS   左键单击[click]  用时:0.073s  
2018-04-12 15:14:31 行号:23   PASS   查找元素[find_element]  用时:0.044s  
2018-04-12 15:14:31 行号:23   PASS   左键单击[click]  用时:0.068s  
2018-04-12 15:14:37 行号:24   PASS   查找元素[find_element]  用时:0.058s  
2018-04-12 15:14:38 行号:24   PASS   左键单击[click]  用时:0.066s  
2018-04-12 15:14:41 行号:24   PASS   查找元素[find_element]  用时:0.033s  
2018-04-12 15:14:41 行号:24   PASS   左键单击[click]  用时:0.053s  
2018-04-12 15:14:44 行号:24   PASS   查找元素[find_element]  用时:0.046s  
2018-04-12 15:14:45 行号:24   PASS   左键单击[click]  用时:0.058s  
2018-04-12 15:14:48 行号:24   PASS   查找元素[find_element]  用时:0.050s  
2018-04-12 15:14:49 行号:24   PASS   左键单击[click]  用时:0.072s  
2018-04-12 15:14:53 行号:24   PASS   查找元素[find_element]  用时:0.042s  
2018-04-12 15:14:53 行号:24   PASS   左键单击[click]  用时:0.068s  
2018-04-12 15:14:54 行号:24   PASS   查找元素[find_element]  用时:0.028s  
2018-04-12 15:14:55 行号:24   PASS   左键单击[click]  用时:0.079s  
2018-04-12 15:14:56 行号:24   PASS   查找元素[find_element]  用时:0.040s  
2018-04-12 15:14:56 行号:24   PASS   左键单击[click]  用时:0.083s  
2018-04-12 15:14:59 行号:24   PASS   查找元素[find_element]  用时:0.041s  
2018-04-12 15:15:00 行号:24   PASS   左键单击[click]  用时:0.066s  
2018-04-12 15:15:03 行号:24   PASS   查找元素[find_element]  用时:0.051s  
2018-04-12 15:15:04 行号:24   PASS   左键单击[click]  用时:0.063s  
2018-04-12 15:15:07 行号:24   PASS   查找元素[find_element]  用时:0.041s  
2018-04-12 15:15:07 行号:24   PASS   左键单击[click]  用时:0.059s  
2018-04-12 15:15:11 行号:24   PASS   查找元素[find_element]  用时:0.038s  
2018-04-12 15:15:12 行号:24   PASS   左键单击[click]  用时:0.069s  
2018-04-12 15:15:13 行号:24   PASS   查找元素[find_element]  用时:0.046s  
2018-04-12 15:15:13 行号:24   PASS   左键单击[click]  用时:0.073s  
2018-04-12 15:15:15 行号:24   PASS   查找元素[find_element]  用时:0.041s  
2018-04-12 15:15:15 行号:24   PASS   左键单击[click]  用时:0.048s  
2018-04-12 15:15:18 行号:24   PASS   查找元素[find_element]  用时:0.051s  
2018-04-12 15:15:19 行号:24   PASS   左键单击[click]  用时:0.076s  
2018-04-12 15:15:22 行号:24   PASS   查找元素[find_element]  用时:0.051s  
2018-04-12 15:15:22 行号:24   PASS   左键单击[click]  用时:0.057s  
2018-04-12 15:15:25 行号:24   PASS   查找元素[find_element]  用时:0.048s  
2018-04-12 15:15:26 行号:24   PASS   左键单击[click]  用时:0.073s  
2018-04-12 15:15:30 行号:24   PASS   查找元素[find_element]  用时:0.044s  
2018-04-12 15:15:31 行号:24   PASS   左键单击[click]  用时:0.063s  
2018-04-12 15:15:32 行号:24   PASS   查找元素[find_element]  用时:0.036s  
2018-04-12 15:15:32 行号:24   PASS   左键单击[click]  用时:0.073s  
2018-04-12 15:15:33 行号:24   PASS   查找元素[find_element]  用时:0.041s  
2018-04-12 15:15:34 行号:24   PASS   左键单击[click]  用时:0.072s  
2018-04-12 15:15:37 行号:24   PASS   查找元素[find_element]  用时:0.041s  
2018-04-12 15:15:37 行号:24   PASS   左键单击[click]  用时:0.081s  
2018-04-12 15:15:40 行号:24   PASS   查找元素[find_element]  用时:0.043s  
2018-04-12 15:15:41 行号:24   PASS   左键单击[click]  用时:0.067s  
2018-04-12 15:15:44 行号:24   PASS   查找元素[find_element]  用时:0.045s  
2018-04-12 15:15:45 行号:24   PASS   左键单击[click]  用时:0.077s  
2018-04-12 15:15:49 行号:24   PASS   查找元素[find_element]  用时:0.054s  
2018-04-12 15:15:49 行号:24   PASS   左键单击[click]  用时:0.068s  
2018-04-12 15:15:50 行号:24   PASS   查找元素[find_element]  用时:0.049s  
2018-04-12 15:15:51 行号:24   PASS   左键单击[click]  用时:0.061s  
2018-04-12 15:15:52 行号:24   PASS   查找元素[find_element]  用时:0.040s  
2018-04-12 15:15:52 行号:24   PASS   左键单击[click]  用时:0.069s  
2018-04-12 15:15:56 行号:24   PASS   查找元素[find_element]  用时:0.049s  
2018-04-12 15:15:56 行号:24   PASS   左键单击[click]  用时:0.069s  
2018-04-12 15:15:59 行号:24   PASS   查找元素[find_element]  用时:0.036s  
2018-04-12 15:16:00 行号:24   PASS   左键单击[click]  用时:0.070s  
2018-04-12 15:16:03 行号:24   PASS   查找元素[find_element]  用时:0.050s  
2018-04-12 15:16:03 行号:24   PASS   左键单击[click]  用时:0.085s  
2018-04-12 15:16:07 行号:24   PASS   查找元素[find_element]  用时:0.045s  
2018-04-12 15:16:08 行号:24   PASS   左键单击[click]  用时:0.066s  
2018-04-12 15:16:09 行号:24   PASS   查找元素[find_element]  用时:0.042s  
2018-04-12 15:16:10 行号:24   PASS   左键单击[click]  用时:0.090s  
2018-04-12 15:16:11 行号:24   PASS   查找元素[find_element]  用时:0.040s  
2018-04-12 15:16:11 行号:24   PASS   左键单击[click]  用时:0.047s  
2018-04-12 15:16:17 行号:24   PASS   查找元素[find_element]  用时:0.046s  
2018-04-12 15:16:18 行号:24   PASS   左键单击[click]  用时:0.077s  
2018-04-12 15:16:19 脚本运行完毕...
2018-04-12 15:16:19 开始运行脚本<class 'script.testCase.U商城.商城设置.固定套餐.固定套餐.EasyCase'>
2018-04-12 15:16:19 行号:0    PASS   最大化浏览器窗口[maximize_window]  用时:0.022s  
2018-04-12 15:16:20 行号:21   PASS   查找元素[find_element]  用时:0.042s  
2018-04-12 15:16:20 行号:21   PASS   左键单击[click]  用时:0.072s  
2018-04-12 15:16:23 行号:21   PASS   查找元素[find_element]  用时:0.050s  
2018-04-12 15:16:24 行号:21   PASS   左键单击[click]  用时:0.073s  
2018-04-12 15:16:27 行号:24   PASS   查找元素[find_element]  用时:0.045s  
2018-04-12 15:16:28 行号:24   PASS   左键单击[click]  用时:0.071s  
2018-04-12 15:16:29 行号:27   PASS   查找元素[find_element]  用时:0.047s  
2018-04-12 15:16:29 行号:27   PASS   清除文本[clear]  用时:0.050s  
2018-04-12 15:16:30 行号:27   PASS   查找元素[find_element]  用时:0.050s  
2018-04-12 15:16:31 行号:27   PASS   模拟输入[send_keys]  用时:0.102s  
2018-04-12 15:16:32 行号:28   PASS   查找元素[find_element]  用时:0.049s  
2018-04-12 15:16:32 行号:28   PASS   清除文本[clear]  用时:0.046s  
2018-04-12 15:16:34 行号:28   PASS   查找元素[find_element]  用时:0.027s  
2018-04-12 15:16:34 行号:28   PASS   模拟输入[send_keys]  用时:0.133s  
2018-04-12 15:16:35 行号:28   PASS   查找元素[find_element]  用时:0.041s  
2018-04-12 15:16:36 行号:28   PASS   左键单击[click]  用时:0.087s  
2018-04-12 15:16:37 行号:30   PASS   查找元素[find_element]  用时:0.051s  
2018-04-12 15:16:37 行号:30   PASS   查找元素[find_element]  用时:0.027s  
2018-04-12 15:16:38 行号:31   PASS   查找元素[find_element]  用时:0.026s  
2018-04-12 15:16:39 行号:32   PASS   查找元素[find_element]  用时:0.025s  
2018-04-12 15:16:39 行号:33   PASS   查找元素[find_element]  用时:0.026s  
2018-04-12 15:16:40 行号:34   PASS   查找元素[find_element]  用时:0.020s  
2018-04-12 15:16:40 行号:36   PASS   查找元素[find_element]  用时:0.032s  
2018-04-12 15:16:41 行号:36   PASS   左键单击[click]  用时:0.075s  
2018-04-12 15:16:42 行号:37   PASS   查找元素[find_element]  用时:0.048s  
2018-04-12 15:16:42 行号:37   PASS   左键单击[click]  用时:0.052s  
2018-04-12 15:16:45 行号:37   PASS   查找元素[find_element]  用时:0.043s  
2018-04-12 15:16:46 行号:37   PASS   左键单击[click]  用时:0.079s  
2018-04-12 15:16:49 行号:38   PASS   查找元素[find_element]  用时:0.045s  
2018-04-12 15:16:50 行号:38   PASS   左键单击[click]  用时:0.073s  
2018-04-12 15:16:51 行号:39   PASS   查找元素[find_element]  用时:0.039s  
2018-04-12 15:16:51 行号:39   PASS   左键单击[click]  用时:0.067s  
2018-04-12 15:16:54 行号:39   PASS   查找元素[find_element]  用时:0.043s  
2018-04-12 15:16:55 行号:39   PASS   左键单击[click]  用时:0.074s  
2018-04-12 15:16:58 行号:42   PASS   查找元素[find_element]  用时:0.050s  
2018-04-12 15:16:58 行号:42   PASS   模拟输入[send_keys]  用时:0.106s  
2018-04-12 15:17:02 行号:42   PASS   查找元素[find_element]  用时:0.036s  
2018-04-12 15:17:02 行号:42   PASS   模拟输入[send_keys]  用时:0.120s  
2018-04-12 15:17:05 行号:43   PASS   查找元素[find_element]  用时:0.045s  
2018-04-12 15:17:06 行号:43   PASS   左键单击[click]  用时:0.081s  
2018-04-12 15:17:12 行号:45   PASS   查找元素[find_element]  用时:0.045s  
2018-04-12 15:17:12 行号:45   TRUE   断言：实例[assertIsInstance] 用时:0.000s TRUE.
2018-04-12 15:17:12 行号:45   TRUE   断言：实例[assertIsInstance] 用时:0.000s TRUE.
2018-04-12 15:17:12 行号:45   TRUE   断言：相等[assertEqual] 用时:0.000s TRUE.
2018-04-12 15:17:12 行号:47   PASS   查找元素[find_element]  用时:0.016s  
2018-04-12 15:17:13 行号:47   PASS   左键单击[click]  用时:0.065s  
2018-04-12 15:17:19 行号:47   PASS   查找元素[find_element]  用时:0.045s  
2018-04-12 15:17:20 行号:47   PASS   左键单击[click]  用时:0.061s  
