2018-04-12 15:59:58 Start.
2018-04-12 15:59:58 场景<1>开始.
2018-04-12 16:00:03 chrome浏览器启动成功.
2018-04-12 16:00:03 开始加载脚本...
2018-04-12 16:00:03 脚本<1>：U商城登录 加载成功.脚本路径：script/testCase/U商城/商城后端登陆退出/U商城登录
2018-04-12 16:00:03 脚本<2>：启用周期购业务 加载成功.脚本路径：script/testCase/U商城/U商城核心业务流程/周期购业务流程/启用周期购业务
2018-04-12 16:00:03 脚本加载完成...
2018-04-12 16:00:03 开始运行脚本<class 'script.testCase.U商城.商城后端登陆退出.U商城登录.EasyCase'>
2018-04-12 16:00:05 行号:0    PASS   最大化浏览器窗口[maximize_window]  用时:2.110s  
2018-04-12 16:00:32 行号:33   PASS   访问页面[get]  用时:24.873s  
2018-04-12 16:00:33 行号:34   PASS   查找元素[find_element]  用时:0.045s  
2018-04-12 16:00:34 行号:34   PASS   左键单击[click]  用时:0.075s  
2018-04-12 16:00:35 行号:35   PASS   关闭窗口[close]  用时:0.064s  
2018-04-12 16:00:36 行号:37   PASS   切换到窗口[window]  用时:0.012s  
2018-04-12 16:00:37 行号:38   PASS   查找元素[find_element]  用时:0.055s  
2018-04-12 16:00:37 行号:38   PASS   清除文本[clear]  用时:0.051s  
2018-04-12 16:00:43 行号:41   PASS   查找元素[find_element]  用时:0.040s  
2018-04-12 16:00:44 行号:41   PASS   模拟输入[send_keys]  用时:0.150s  
2018-04-12 16:00:50 行号:43   PASS   查找元素[find_element]  用时:0.041s  
2018-04-12 16:00:51 行号:43   PASS   清除文本[clear]  用时:0.052s  
2018-04-12 16:00:57 行号:46   PASS   查找元素[find_element]  用时:0.041s  
2018-04-12 16:00:57 行号:46   PASS   模拟输入[send_keys]  用时:0.107s  
2018-04-12 16:01:03 行号:48   PASS   查找元素[find_element]  用时:0.030s  
2018-04-12 16:01:04 行号:48   PASS   左键单击[click]  用时:0.092s  
2018-04-12 16:01:15 行号:52   TRUE   断言：实例[assertIsInstance] 用时:0.000s TRUE.
2018-04-12 16:01:15 行号:52   TRUE   断言：实例[assertIsInstance] 用时:0.000s TRUE.
2018-04-12 16:01:15 行号:52   TRUE   断言：相等[assertEqual] 用时:0.001s TRUE.
2018-04-12 16:01:20 脚本运行完毕...
2018-04-12 16:01:20 开始运行脚本<class 'script.testCase.U商城.U商城核心业务流程.周期购业务流程.启用周期购业务.EasyCase'>
2018-04-12 16:01:20 行号:0    PASS   最大化浏览器窗口[maximize_window]  用时:0.020s  
2018-04-12 16:01:21 行号:26   PASS   查找元素[find_element]  用时:0.049s  
2018-04-12 16:01:22 行号:26   PASS   左键单击[click]  用时:0.059s  
2018-04-12 16:01:26 行号:26   PASS   查找元素[find_element]  用时:0.038s  
2018-04-12 16:01:26 行号:26   PASS   左键单击[click]  用时:0.079s  
2018-04-12 16:01:28 行号:27   PASS   查找元素[find_element]  用时:0.393s  
2018-04-12 16:01:28 行号:27   PASS   左键单击[click]  用时:0.059s  
2018-04-12 16:01:29 行号:28   PASS   查找元素[find_element]  用时:0.042s  
2018-04-12 16:01:30 行号:28   PASS   左键单击[click]  用时:0.050s  
2018-04-12 16:01:34 行号:28   PASS   查找元素[find_element]  用时:0.017s  
2018-04-12 16:01:34 行号:28   PASS   左键单击[click]  用时:0.059s  
2018-04-12 16:01:35 行号:33   PASS   查找元素[find_element]  用时:0.036s  
2018-04-12 16:01:36 行号:33   PASS   左键单击[click]  用时:0.074s  
2018-04-12 16:01:40 行号:33   PASS   查找元素[find_element]  用时:0.040s  
2018-04-12 16:01:41 行号:33   PASS   左键单击[click]  用时:0.068s  
2018-04-12 16:01:45 行号:33   PASS   查找元素[find_element]  用时:0.033s  
2018-04-12 16:01:45 行号:33   PASS   左键单击[click]  用时:0.069s  
2018-04-12 16:01:48 行号:33   PASS   查找元素[find_element]  用时:0.050s  
2018-04-12 16:01:49 行号:33   PASS   模拟输入[send_keys]  用时:0.108s  
2018-04-12 16:01:53 行号:33   PASS   查找元素[find_element]  用时:0.040s  
2018-04-12 16:01:53 行号:33   PASS   模拟输入[send_keys]  用时:0.113s  
2018-04-12 16:01:54 行号:33   PASS   查找元素[find_element]  用时:0.038s  
2018-04-12 16:01:55 行号:33   PASS   查找元素[find_element]  用时:0.024s  
2018-04-12 16:01:56 行号:33   PASS   左键单击[click]  用时:0.084s  
2018-04-12 16:02:00 行号:33   PASS   查找元素[find_element]  用时:0.042s  
2018-04-12 16:02:00 行号:33   PASS   左键单击[click]  用时:0.079s  
2018-04-12 16:02:01 行号:33   PASS   执行JS代码[execute_script]  用时:0.009s  
2018-04-12 16:02:02 行号:36   PASS   执行JS代码[execute_script]  用时:0.007s  
2018-04-12 16:02:03 行号:36   PASS   查找元素[find_element]  用时:0.044s  
2018-04-12 16:02:07 行号:36   PASS   查找元素[find_element]  用时:0.043s  
2018-04-12 16:02:07 行号:36   PASS   左键单击[click]  用时:0.089s  
2018-04-12 16:02:08 行号:36   PASS   执行JS代码[execute_script]  用时:0.013s  
2018-04-12 16:02:09 行号:39   PASS   执行JS代码[execute_script]  用时:0.013s  
2018-04-12 16:02:10 行号:39   PASS   查找元素[find_element]  用时:0.038s  
2018-04-12 16:02:11 行号:39   PASS   左键单击[click]  用时:0.069s  
2018-04-12 16:02:12 行号:39   PASS   查找元素[find_element]  用时:0.042s  
2018-04-12 16:02:13 行号:39   PASS   左键单击[click]  用时:0.073s  
2018-04-12 16:02:14 行号:39   PASS   查找元素[find_element]  用时:0.045s  
2018-04-12 16:02:14 行号:39   PASS   左键单击[click]  用时:0.064s  
2018-04-12 16:02:15 行号:39   PASS   查找元素[find_element]  用时:0.041s  
2018-04-12 16:02:16 行号:39   PASS   左键单击[click]  用时:0.074s  
2018-04-12 16:02:17 行号:39   PASS   查找元素[find_element]  用时:0.036s  
2018-04-12 16:02:17 行号:39   PASS   左键单击[click]  用时:0.058s  
2018-04-12 16:02:19 行号:39   PASS   查找元素[find_element]  用时:0.039s  
2018-04-12 16:02:19 行号:39   PASS   左键单击[click]  用时:0.071s  
2018-04-12 16:02:20 行号:39   PASS   查找元素[find_element]  用时:0.039s  
2018-04-12 16:02:21 行号:39   PASS   左键单击[click]  用时:0.059s  
2018-04-12 16:02:25 行号:40   PASS   查找元素[find_element]  用时:0.038s  
2018-04-12 16:02:25 行号:40   PASS   左键单击[click]  用时:0.072s  
2018-04-12 16:02:29 行号:40   PASS   查找元素[find_element]  用时:0.044s  
2018-04-12 16:02:30 行号:40   PASS   左键单击[click]  用时:0.056s  
2018-04-12 16:02:31 脚本运行完毕...
2018-04-12 16:02:31 行号:0    PASS   关闭浏览器[quit]  用时:0.076s  
2018-04-12 16:02:35 场景<1>结束.用时:156.731s.
2018-04-12 16:02:35 场景统计结果：PASS: 68(100.00%),FAIL:  0(0.00%),ERROR:  0(0.00%),TRUE:  3,FALSE:  0

2018-04-12 16:02:35 ----------------------------------------
2018-04-12 16:02:35 End.
2018-04-12 16:02:35 测试方案统计结果:
                    场景<1>:PASS: 68(100.00%),FAIL:  0(0.00%),ERROR:  0(0.00%),TRUE:  3,FALSE:  0
                    总   计:PASS: 68(100.00%),FAIL:  0(0.00%),ERROR:  0(0.00%),TRUE:  3,FALSE:  0

