2016-10-28 10:49:23 程序启动.U易联企业号.xml
2016-10-28 10:49:24 Start.
2016-10-28 11:15:34 [ERROR-1004]:引入测试方案模块失败引发的异常.U易联企业号/设置/账户消息.No module named 'script.testCase.U易联企业号.设置.账户消息'
2016-10-28 11:16:56 End.
2016-10-28 11:16:56 程序结束.U易联企业号.xml

2016-10-28 11:16:56 程序启动.U易联.xml
2016-10-28 11:16:56 Start.
2016-10-28 16:20:48 End.
2016-10-28 16:20:48 程序结束.U易联.xml

2016-10-28 16:33:53 程序启动.调试.xml
2016-10-28 16:33:54 Start.
2016-10-28 16:38:27 程序启动.调试.xml
2016-10-28 16:38:28 Start.
2016-10-28 16:43:58 程序启动.调试.xml
2016-10-28 16:43:59 Start.
2016-10-28 16:46:05 End.
2016-10-28 16:46:05 程序结束.调试.xml

2016-10-28 16:46:46 程序启动.调试.xml
2016-10-28 16:46:47 Start.
2016-10-28 16:48:34 End.
2016-10-28 16:48:34 程序结束.调试.xml

2016-10-31 10:08:32 程序启动.调试.xml
2016-10-31 10:08:33 Start.
2016-10-31 10:16:01 End.
2016-10-31 10:16:01 程序结束.调试.xml

2016-10-31 10:25:54 程序启动.调试.xml
2016-10-31 10:25:54 Start.
2016-10-31 10:29:04 程序启动.调试.xml
2016-10-31 10:29:05 Start.
2016-10-31 10:32:43 程序启动.调试.xml
2016-10-31 10:32:44 Start.
2016-10-31 10:34:19 程序启动.调试.xml
2016-10-31 10:34:19 Start.
2016-10-31 10:38:30 End.
2016-10-31 10:38:30 程序结束.调试.xml

2016-10-31 10:39:07 程序启动.调试.xml
2016-10-31 10:39:08 Start.
2016-10-31 10:41:45 End.
2016-10-31 10:41:45 程序结束.调试.xml

2016-10-31 10:44:26 程序启动.调试.xml
2016-10-31 10:44:26 Start.
2016-10-31 10:47:57 程序启动.调试.xml
2016-10-31 10:47:58 Start.
2016-10-31 10:50:29 End.
2016-10-31 10:50:29 程序结束.调试.xml

2016-10-31 10:52:47 程序启动.调试.xml
2016-10-31 10:52:48 Start.
2016-10-31 11:18:49 End.
2016-10-31 11:18:49 程序结束.调试.xml

2016-10-31 13:10:07 程序启动.调试.xml
2016-10-31 13:10:08 Start.
2016-10-31 13:11:13 End.
2016-10-31 13:11:13 程序结束.调试.xml

2016-10-31 13:13:43 程序启动.调试.xml
2016-10-31 13:13:43 Start.
2016-10-31 13:17:00 End.
2016-10-31 13:17:00 程序结束.调试.xml

2016-10-31 13:21:11 程序启动.调试.xml
2016-10-31 13:21:11 Start.
2016-10-31 13:28:32 End.
2016-10-31 13:28:32 程序结束.调试.xml

2016-10-31 14:20:20 程序启动.调试.xml
2016-10-31 14:20:21 Start.
2016-10-31 14:25:26 程序启动.调试.xml
2016-10-31 14:25:27 Start.
2016-10-31 14:31:09 End.
2016-10-31 14:31:09 程序结束.调试.xml

2016-10-31 14:31:36 程序启动.调试.xml
2016-10-31 14:31:36 Start.
2016-10-31 14:32:59 End.
2016-10-31 14:32:59 程序结束.调试.xml

2016-10-31 14:34:56 程序启动.调试.xml
2016-10-31 14:34:57 Start.
2016-10-31 14:42:01 End.
2016-10-31 14:42:01 程序结束.调试.xml

2016-10-31 14:42:12 程序启动.调试.xml
2016-10-31 14:42:12 Start.
2016-10-31 14:46:38 End.
2016-10-31 14:46:38 程序结束.调试.xml

2016-10-31 14:48:00 程序启动.调试.xml
2016-10-31 14:48:00 Start.
2016-10-31 14:50:45 End.
2016-10-31 14:50:45 程序结束.调试.xml

2016-10-31 14:56:01 程序启动.调试.xml
2016-10-31 14:56:02 Start.
2016-10-31 15:07:16 程序启动.调试.xml
2016-10-31 15:07:16 Start.
2016-10-31 15:09:08 End.
2016-10-31 15:09:08 程序结束.调试.xml

2016-10-31 15:09:52 程序启动.调试.xml
2016-10-31 15:09:52 Start.
2016-10-31 15:15:03 End.
2016-10-31 15:15:03 程序结束.调试.xml

2016-10-31 15:16:17 程序启动.U易联企业号.xml
2016-10-31 15:16:18 Start.
2016-10-31 16:07:46 [ERROR-1004]:引入测试方案模块失败引发的异常.U易联企业号/设置/账户消息.No module named 'script.testCase.U易联企业号.设置.账户消息'
2016-10-31 16:08:23 End.
2016-10-31 16:08:23 程序结束.U易联企业号.xml

2016-10-31 16:08:23 程序启动.U易联.xml
2016-10-31 16:08:23 Start.
2016-10-31 16:11:48 程序启动.U易联企业号.xml
2016-10-31 16:11:48 Start.
2016-10-31 16:21:18 程序启动.U易联企业号.xml
2016-10-31 16:21:18 Start.
2016-10-31 16:48:32 程序启动.U易联企业号.xml
2016-10-31 16:48:33 Start.
2016-10-31 17:20:58 [ERROR-1004]:引入测试方案模块失败引发的异常.U易联企业号/设置/账户消息.No module named 'script.testCase.U易联企业号.设置.账户消息'
2016-10-31 17:22:20 End.
2016-10-31 17:22:20 程序结束.U易联企业号.xml

2016-10-31 17:22:20 程序启动.U易联.xml
2016-10-31 17:22:21 Start.
2016-10-31 21:40:41 End.
2016-10-31 21:40:41 程序结束.U易联.xml

2016-11-01 09:14:20 程序启动.调试.xml
2016-11-01 09:14:21 Start.
2016-11-01 09:16:02 程序启动.调试.xml
2016-11-01 09:16:02 Start.
2016-11-01 09:24:11 End.
2016-11-01 09:24:11 程序结束.调试.xml

2016-11-01 09:27:15 程序启动.调试.xml
2016-11-01 09:27:16 Start.
2016-11-01 09:33:08 End.
2016-11-01 09:33:08 程序结束.调试.xml

2016-11-01 09:34:34 程序启动.调试.xml
2016-11-01 09:34:35 Start.
2016-11-01 09:37:47 程序启动.调试.xml
2016-11-01 09:37:47 Start.
2016-11-01 09:44:22 End.
2016-11-01 09:44:22 程序结束.调试.xml

2016-11-01 09:45:17 程序启动.调试.xml
2016-11-01 09:45:18 Start.
2016-11-01 09:46:48 End.
2016-11-01 09:46:48 程序结束.调试.xml

2016-11-01 09:46:55 程序启动.调试.xml
2016-11-01 09:46:56 Start.
2016-11-01 09:51:27 程序启动.调试.xml
2016-11-01 09:51:27 Start.
2016-11-01 09:54:58 End.
2016-11-01 09:54:58 程序结束.调试.xml

2016-11-01 09:56:10 程序启动.U易联企业号.xml
2016-11-01 09:56:10 Start.
2016-11-01 10:25:27 [ERROR-1004]:引入测试方案模块失败引发的异常.U易联企业号/设置/账户消息.No module named 'script.testCase.U易联企业号.设置.账户消息'
2016-11-01 10:26:49 End.
2016-11-01 10:26:49 程序结束.U易联企业号.xml

2016-11-01 10:26:49 程序启动.U易联.xml
2016-11-01 10:26:49 Start.
2016-11-01 14:26:11 程序启动.U易联.xml
2016-11-01 14:26:11 Start.
2016-11-01 14:29:00 程序启动.U易联.xml
2016-11-01 14:29:01 Start.
2016-11-01 15:21:32 程序启动.U易联.xml
2016-11-01 15:21:32 Start.
2016-11-01 15:25:00 程序启动.U易联.xml
2016-11-01 15:25:01 Start.
2016-11-01 15:47:19 程序启动.U易联.xml
2016-11-01 15:47:20 Start.
2016-11-01 15:49:43 程序启动.U易联.xml
2016-11-01 15:49:44 Start.
2016-11-01 19:51:14 End.
2016-11-01 19:51:14 程序结束.U易联.xml

2016-11-02 09:33:14 程序启动.调试.xml
2016-11-02 09:33:15 Start.
2016-11-02 09:37:48 End.
2016-11-02 09:37:48 程序结束.调试.xml

2016-11-02 09:39:36 程序启动.调试.xml
2016-11-02 09:39:37 Start.
2016-11-02 09:42:38 程序启动.调试.xml
2016-11-02 09:42:38 Start.
2016-11-02 09:44:35 程序启动.调试.xml
2016-11-02 09:44:35 Start.
2016-11-02 09:49:04 程序启动.调试.xml
2016-11-02 09:49:04 Start.
2016-11-02 09:53:40 程序启动.调试.xml
2016-11-02 09:53:41 Start.
2016-11-02 09:55:49 End.
2016-11-02 09:55:49 程序结束.调试.xml

2016-11-02 09:59:22 程序启动.调试.xml
2016-11-02 09:59:23 Start.
2016-11-02 10:02:44 程序启动.调试.xml
2016-11-02 10:02:45 Start.
2016-11-02 10:10:26 程序启动.调试.xml
2016-11-02 10:10:26 Start.
2016-11-02 10:15:32 程序启动.调试.xml
2016-11-02 10:15:33 Start.
2016-11-02 10:25:31 程序启动.调试.xml
2016-11-02 10:25:31 Start.
2016-11-02 11:02:08 程序启动.调试.xml
2016-11-02 11:02:40 程序启动.调试.xml
2016-11-02 11:02:40 Start.
2016-11-02 11:22:21 程序启动.调试.xml
2016-11-02 11:22:22 Start.
2016-11-02 11:25:42 程序启动.调试.xml
2016-11-02 11:25:42 Start.
2016-11-02 11:34:13 End.
2016-11-02 11:34:13 程序结束.调试.xml

2016-11-02 12:12:42 程序启动.调试.xml
2016-11-02 12:12:43 Start.
2016-11-02 12:18:15 End.
2016-11-02 12:18:15 程序结束.调试.xml

2016-11-02 12:18:44 程序启动.调试.xml
2016-11-02 12:18:44 Start.
2016-11-02 12:24:44 End.
2016-11-02 12:24:44 程序结束.调试.xml

2016-11-02 12:30:07 程序启动.调试.xml
2016-11-02 12:30:08 Start.
2016-11-02 12:51:14 End.
2016-11-02 12:51:14 程序结束.调试.xml

2016-11-04 14:55:15 程序启动.U易联企业号.xml
2016-11-04 14:55:16 Start.
2016-11-04 15:18:57 [ERROR-1004]:引入测试方案模块失败引发的异常.U易联企业号/设置/账户消息.No module named 'script.testCase.U易联企业号.设置.账户消息'
2016-11-04 15:19:32 End.
2016-11-04 15:19:32 程序结束.U易联企业号.xml

2016-11-04 15:19:32 程序启动.U易联.xml
2016-11-04 15:19:32 Start.
2016-11-04 19:37:11 End.
2016-11-04 19:37:11 程序结束.U易联.xml

2016-11-07 08:59:57 程序启动.U易联企业号.xml
2016-11-07 08:59:57 Start.
2016-11-07 09:28:37 [ERROR-1004]:引入测试方案模块失败引发的异常.U易联企业号/设置/账户消息.No module named 'script.testCase.U易联企业号.设置.账户消息'
2016-11-07 09:30:01 End.
2016-11-07 09:30:01 程序结束.U易联企业号.xml

2016-11-07 09:30:01 程序启动.U易联.xml
2016-11-07 09:30:01 Start.
2016-11-07 15:15:38 End.
2016-11-07 15:15:38 程序结束.U易联.xml

2016-11-07 15:45:33 程序启动.U易联企业号.xml
2016-11-07 15:45:33 Start.
2016-11-07 15:51:34 程序启动.U易联企业号.xml
2016-11-07 15:51:35 Start.
2016-11-07 16:32:02 [ERROR-1004]:引入测试方案模块失败引发的异常.U易联企业号/设置/账户消息.No module named 'script.testCase.U易联企业号.设置.账户消息'
2016-11-07 16:32:35 End.
2016-11-07 16:32:35 程序结束.U易联企业号.xml

2016-11-07 16:32:35 程序启动.U易联.xml
2016-11-07 16:32:35 Start.
2016-11-07 20:39:10 End.
2016-11-07 20:39:10 程序结束.U易联.xml

2016-11-08 09:02:33 程序启动.调试.xml
2016-11-08 09:02:34 Start.
2016-11-08 09:05:38 End.
2016-11-08 09:05:38 程序结束.调试.xml

2016-11-08 14:09:56 程序启动.U易联企业号.xml
2016-11-08 14:09:56 Start.
2016-11-08 14:58:24 [ERROR-1004]:引入测试方案模块失败引发的异常.U易联企业号/设置/账户消息.No module named 'script.testCase.U易联企业号.设置.账户消息'
2016-11-08 14:58:59 End.
2016-11-08 14:58:59 程序结束.U易联企业号.xml

2016-11-08 14:58:59 程序启动.U易联.xml
2016-11-08 14:59:00 Start.
2016-11-08 19:01:34 End.
2016-11-08 19:01:34 程序结束.U易联.xml

2016-11-09 09:03:20 程序启动.U易联企业号.xml
2016-11-09 09:03:21 Start.
2016-11-09 09:25:10 [ERROR-1004]:引入测试方案模块失败引发的异常.U易联企业号/设置/账户消息.No module named 'script.testCase.U易联企业号.设置.账户消息'
2016-11-09 09:25:51 End.
2016-11-09 09:25:51 程序结束.U易联企业号.xml

2016-11-09 09:25:51 程序启动.U易联.xml
2016-11-09 09:25:52 Start.
2016-11-09 13:09:57 End.
2016-11-09 13:09:57 程序结束.U易联.xml

2016-11-17 09:24:13 程序启动.调试.xml
2016-11-17 09:24:13 Start.
2016-11-17 09:25:27 End.
2016-11-17 09:25:27 程序结束.调试.xml

2016-11-17 09:26:35 程序启动.调试.xml
2016-11-17 09:26:35 Start.
2016-11-17 09:27:47 End.
2016-11-17 09:27:47 程序结束.调试.xml

2016-11-17 09:29:05 程序启动.调试.xml
2016-11-17 09:29:06 Start.
2016-11-17 09:30:19 End.
2016-11-17 09:30:19 程序结束.调试.xml

2016-11-17 09:39:54 程序启动.调试.xml
2016-11-17 09:39:55 Start.
2016-11-17 09:42:55 End.
2016-11-17 09:42:55 程序结束.调试.xml

2016-11-17 10:39:06 程序启动.调试.xml
2016-11-17 10:39:06 Start.
2016-11-17 10:41:22 End.
2016-11-17 10:41:22 程序结束.调试.xml

2016-11-17 11:04:18 程序启动.调试.xml
2016-11-17 11:04:19 Start.
2016-11-17 11:06:34 End.
2016-11-17 11:06:34 程序结束.调试.xml

2016-11-17 11:08:52 程序启动.调试.xml
2016-11-17 11:08:52 Start.
2016-11-17 11:11:12 End.
2016-11-17 11:11:12 程序结束.调试.xml

2016-11-17 11:27:23 程序启动.调试.xml
2016-11-17 11:27:24 Start.
2016-11-17 11:29:44 End.
2016-11-17 11:29:44 程序结束.调试.xml

2016-11-18 10:17:50 程序启动.调试.xml
2016-11-18 10:17:50 Start.
2016-11-18 10:19:54 End.
2016-11-18 10:19:54 程序结束.调试.xml

2016-11-18 10:27:15 程序启动.调试.xml
2016-11-18 10:27:16 Start.
2016-11-18 10:36:24 程序启动.调试.xml
2016-11-18 10:36:24 Start.
2016-11-18 10:46:41 End.
2016-11-18 10:46:41 程序结束.调试.xml

2016-11-18 10:54:47 程序启动.调试.xml
2016-11-18 10:54:48 Start.
2016-11-18 11:01:29 End.
2016-11-18 11:01:29 程序结束.调试.xml

2016-11-18 11:11:15 程序启动.调试.xml
2016-11-18 11:11:15 Start.
2016-11-18 11:15:38 End.
2016-11-18 11:15:38 程序结束.调试.xml

2016-11-18 16:23:09 程序启动.U易联企业号.xml
2016-11-18 16:23:10 Start.
2016-11-18 16:48:59 [ERROR-1004]:引入测试方案模块失败引发的异常.U易联企业号/设置/账户消息.No module named 'script.testCase.U易联企业号.设置.账户消息'
2016-11-18 16:49:33 End.
2016-11-18 16:49:33 程序结束.U易联企业号.xml

2016-11-18 16:49:33 程序启动.U易联.xml
2016-11-18 16:49:33 Start.
2016-11-18 22:01:14 End.
2016-11-18 22:01:14 程序结束.U易联.xml

2016-11-21 09:08:29 程序启动.调试.xml
2016-11-21 09:08:29 Start.
2016-11-21 09:14:46 End.
2016-11-21 09:14:46 程序结束.调试.xml

2016-11-21 09:30:27 程序启动.调试.xml
2016-11-21 09:30:28 Start.
2016-11-21 09:35:25 程序启动.调试.xml
2016-11-21 09:35:25 Start.
2016-11-21 09:37:18 End.
2016-11-21 09:37:18 程序结束.调试.xml

2016-11-21 09:45:13 程序启动.调试.xml
2016-11-21 09:45:14 Start.
2016-11-21 09:47:54 End.
2016-11-21 09:47:54 程序结束.调试.xml

2016-11-21 09:48:43 程序启动.调试.xml
2016-11-21 09:48:44 Start.
2016-11-21 09:50:57 End.
2016-11-21 09:50:57 程序结束.调试.xml

2016-11-21 10:36:04 程序启动.调试.xml
2016-11-21 10:36:04 Start.
2016-11-21 10:43:08 End.
2016-11-21 10:43:08 程序结束.调试.xml

2016-11-21 10:54:50 程序启动.调试.xml
2016-11-21 10:54:50 Start.
2016-11-21 10:56:31 程序启动.调试.xml
2016-11-21 10:56:31 Start.
2016-11-21 11:06:15 程序启动.U易联企业号.xml
2016-11-21 11:06:16 Start.
2016-11-21 11:29:01 [ERROR-1004]:引入测试方案模块失败引发的异常.U易联企业号/设置/账户消息.No module named 'script.testCase.U易联企业号.设置.账户消息'
2016-11-21 11:30:24 End.
2016-11-21 11:30:24 程序结束.U易联企业号.xml

2016-11-21 11:30:24 程序启动.U易联.xml
2016-11-21 11:30:24 Start.
2016-11-21 15:16:38 End.
2016-11-21 15:16:38 程序结束.U易联.xml

2016-11-22 10:07:34 程序启动.调试(2).xml
2016-11-22 10:07:34 [ERROR-1001]:读取测试方案配置文件引发的异常.[Errno 2] No such file or directory: 'E:/自动化/easyTest_1.0.9/script/config/调试(2).xml'
2016-11-22 10:07:34 程序结束.调试(2).xml

2016-11-22 10:08:09 程序启动.调试1.xml
2016-11-22 10:08:10 Start.
2016-11-22 10:09:13 程序启动.调试1.xml
2016-11-22 10:09:13 Start.
2016-11-22 10:09:52 End.
2016-11-22 10:09:52 程序结束.调试1.xml

2016-11-22 10:20:21 End.
2016-11-22 10:20:21 程序结束.调试1.xml

2016-11-23 14:21:21 程序启动.U易联.xml
2016-11-23 14:21:21 Start.
2016-11-23 19:15:49 End.
2016-11-23 19:15:49 程序结束.U易联.xml

2016-11-24 10:07:14 程序启动.调试.xml
2016-11-24 10:07:14 Start.
2016-11-24 10:07:14 [ERROR-1004]:引入测试方案模块失败引发的异常.U易联/会员/优惠卷.No module named 'script.testCase.U易联.会员.优惠卷'
2016-11-24 10:08:17 End.
2016-11-24 10:08:17 程序结束.调试.xml

2016-11-24 10:08:38 程序启动.调试.xml
2016-11-24 10:08:38 Start.
2016-11-24 10:14:02 End.
2016-11-24 10:14:02 程序结束.调试.xml

2016-11-24 10:18:57 程序启动.调试.xml
2016-11-24 10:18:57 Start.
2016-11-24 10:27:48 程序启动.调试.xml
2016-11-24 10:27:48 Start.
2016-11-24 10:29:16 End.
2016-11-24 10:29:16 程序结束.调试.xml

2016-11-24 10:31:30 End.
2016-11-24 10:31:30 程序结束.调试.xml

2016-11-24 10:33:01 程序启动.调试.xml
2016-11-24 10:33:02 Start.
2016-11-24 10:36:30 End.
2016-11-24 10:36:30 程序结束.调试.xml

2016-11-24 10:40:18 程序启动.调试.xml
2016-11-24 10:40:18 Start.
2016-11-24 10:43:22 End.
2016-11-24 10:43:22 程序结束.调试.xml

2016-11-24 10:50:37 程序启动.调试.xml
2016-11-24 10:50:37 Start.
2016-11-24 11:00:39 程序启动.调试.xml
2016-11-24 11:00:39 Start.
2016-11-24 11:05:23 程序启动.调试.xml
2016-11-24 11:05:24 Start.
2016-11-24 11:09:19 End.
2016-11-24 11:09:19 程序结束.调试.xml

2016-11-24 11:27:47 程序启动.U易联.xml
2016-11-24 11:27:47 Start.
2016-11-24 15:14:39 End.
2016-11-24 15:14:39 程序结束.U易联.xml

2016-11-24 15:53:51 程序启动.调试.xml
2016-11-24 15:53:52 Start.
2016-11-24 15:54:15 End.
2016-11-24 15:54:15 程序结束.调试.xml

2016-11-24 16:10:09 程序启动.调试.xml
2016-11-24 16:10:10 Start.
2016-11-24 16:10:45 End.
2016-11-24 16:10:45 程序结束.调试.xml

2016-11-24 16:23:09 程序启动.调试.xml
2016-11-24 16:23:10 Start.
2016-11-24 16:23:35 End.
2016-11-24 16:23:35 程序结束.调试.xml

2016-11-25 09:17:03 程序启动.调试.xml
2016-11-25 09:17:04 Start.
2016-11-25 09:17:27 End.
2016-11-25 09:17:27 程序结束.调试.xml

2016-11-28 09:01:49 程序启动.U易联.xml
2016-11-28 09:01:49 Start.
2016-11-28 09:23:48 程序启动.U易联.xml
2016-11-28 09:23:49 Start.
2016-11-28 09:36:42 程序启动.U易联.xml
2016-11-28 09:36:42 Start.
2016-11-28 13:42:49 End.
2016-11-28 13:42:49 程序结束.U易联.xml

2016-12-06 11:00:04 程序启动.调试.xml
2016-12-06 11:00:04 Start.
2016-12-06 11:03:55 程序启动.调试.xml
2016-12-06 11:03:55 Start.
2016-12-06 11:07:11 End.
2016-12-06 11:07:11 程序结束.调试.xml

2016-12-06 11:12:29 程序启动.调试.xml
2016-12-06 11:12:30 Start.
2016-12-06 11:15:16 End.
2016-12-06 11:15:16 程序结束.调试.xml

2016-12-06 11:17:17 程序启动.调试.xml
2016-12-06 11:17:18 Start.
2016-12-06 11:18:24 End.
2016-12-06 11:18:24 程序结束.调试.xml

2018-03-29 15:57:22 程序启动.调试.xml
2018-03-29 15:57:22 Start.
2018-03-29 16:00:37 End.
2018-03-29 16:00:37 程序结束.调试.xml

2018-03-29 16:04:17 程序启动.调试.xml
2018-03-29 16:04:18 Start.
2018-03-29 16:05:24 End.
2018-03-29 16:05:24 程序结束.调试.xml

2018-03-27 16:35:37 程序启动.调试.xml
2018-03-27 16:35:38 Start.
2018-03-27 16:40:19 程序启动.调试.xml
2018-03-27 16:40:20 Start.
2018-03-27 16:40:45 End.
2018-03-27 16:40:45 程序结束.调试.xml

2018-03-27 16:42:30 程序启动.调试.xml
2018-03-27 16:42:30 Start.
2018-03-27 16:42:54 程序启动.调试.xml
2018-03-27 16:42:55 Start.
2018-03-27 16:43:20 End.
2018-03-27 16:43:20 程序结束.调试.xml

2018-03-27 16:44:18 程序启动.调试.xml
2018-03-27 16:44:18 Start.
2018-03-27 16:44:56 End.
2018-03-27 16:44:56 程序结束.调试.xml

2018-04-02 15:38:36 程序启动.调试.xml
2018-04-02 15:38:36 Start.
2018-04-02 15:43:50 End.
2018-04-02 15:43:50 程序结束.调试.xml

2018-04-02 15:49:03 程序启动.调试.xml
2018-04-02 15:49:04 Start.
2018-04-02 15:49:04 [ERROR-1004]:引入测试方案模块失败引发的异常.U商城/搭配套餐/搭配套餐.inconsistent use of tabs and spaces in indentation (搭配套餐.py, line 41)
2018-04-02 15:49:58 End.
2018-04-02 15:49:58 程序结束.调试.xml

2018-04-02 15:58:07 程序启动.调试.xml
2018-04-02 15:58:07 Start.
2018-04-02 15:58:07 [ERROR-1004]:引入测试方案模块失败引发的异常.U商城/搭配套餐/搭配套餐.inconsistent use of tabs and spaces in indentation (搭配套餐.py, line 41)
2018-04-02 15:59:05 End.
2018-04-02 15:59:05 程序结束.调试.xml

2018-04-02 15:59:43 程序启动.调试.xml
2018-04-02 15:59:43 Start.
2018-04-02 15:59:43 [ERROR-1004]:引入测试方案模块失败引发的异常.U商城/搭配套餐/搭配套餐.inconsistent use of tabs and spaces in indentation (搭配套餐.py, line 41)
2018-04-02 16:00:31 End.
2018-04-02 16:00:31 程序结束.调试.xml

2018-04-02 16:01:12 程序启动.调试.xml
2018-04-02 16:01:13 Start.
2018-04-02 16:01:13 [ERROR-1004]:引入测试方案模块失败引发的异常.U商城/搭配套餐/搭配套餐.inconsistent use of tabs and spaces in indentation (搭配套餐.py, line 41)
2018-04-02 16:02:00 End.
2018-04-02 16:02:00 程序结束.调试.xml

2018-04-02 16:03:47 程序启动.调试.xml
2018-04-02 16:03:48 Start.
2018-04-02 16:03:48 [ERROR-1004]:引入测试方案模块失败引发的异常.U商城/搭配套餐/搭配套餐.inconsistent use of tabs and spaces in indentation (搭配套餐.py, line 41)
2018-04-02 16:04:36 End.
2018-04-02 16:04:36 程序结束.调试.xml

2018-04-02 16:06:37 程序启动.调试.xml
2018-04-02 16:06:37 Start.
2018-04-02 16:06:37 [ERROR-1004]:引入测试方案模块失败引发的异常.U商城/U商城核心业务流程/周期购业务流程/周期购业务流程.inconsistent use of tabs and spaces in indentation (周期购业务流程.py, line 41)
2018-04-02 16:07:23 End.
2018-04-02 16:07:23 程序结束.调试.xml

2018-04-02 16:09:40 程序启动.调试.xml
2018-04-02 16:09:41 Start.
2018-04-02 16:09:41 [ERROR-1004]:引入测试方案模块失败引发的异常.U商城/U商城核心业务流程/周期购业务流程/周期购业务流程.inconsistent use of tabs and spaces in indentation (周期购业务流程.py, line 41)
2018-04-02 16:11:04 End.
2018-04-02 16:11:04 程序结束.调试.xml

2018-04-02 16:20:07 程序启动.调试.xml
2018-04-02 16:20:07 Start.
2018-04-02 16:20:07 [ERROR-1004]:引入测试方案模块失败引发的异常.U商城/U商城核心业务流程/周期购业务流程/周期购业务流程.inconsistent use of tabs and spaces in indentation (周期购业务流程.py, line 41)
2018-04-02 16:21:25 End.
2018-04-02 16:21:25 程序结束.调试.xml

2018-04-02 16:28:41 程序启动.调试.xml
2018-04-02 16:28:42 Start.
2018-04-02 16:28:42 [ERROR-1004]:引入测试方案模块失败引发的异常.U商城/U商城核心业务流程/周期购业务流程/周期购业务流程.inconsistent use of tabs and spaces in indentation (周期购业务流程.py, line 44)
2018-04-02 16:29:59 End.
2018-04-02 16:29:59 程序结束.调试.xml

2018-04-02 16:32:40 程序启动.调试.xml
2018-04-02 16:32:41 Start.
2018-04-02 16:32:41 [ERROR-1004]:引入测试方案模块失败引发的异常.U商城/U商城核心业务流程/周期购业务流程/周期购业务流程.inconsistent use of tabs and spaces in indentation (周期购业务流程.py, line 44)
2018-04-02 16:34:04 End.
2018-04-02 16:34:04 程序结束.调试.xml

2018-04-02 16:34:40 程序启动.调试.xml
2018-04-02 16:34:40 Start.
2018-04-02 16:36:00 End.
2018-04-02 16:36:00 程序结束.调试.xml

2018-04-02 16:40:54 程序启动.调试.xml
2018-04-02 16:40:55 Start.
2018-04-02 16:40:55 [ERROR-1004]:引入测试方案模块失败引发的异常.U商城/U商城核心业务流程/周期购业务流程/周期购业务流程.inconsistent use of tabs and spaces in indentation (周期购业务流程.py, line 44)
2018-04-02 16:42:17 End.
2018-04-02 16:42:17 程序结束.调试.xml

2018-04-02 19:38:24 程序启动.调试.xml
2018-04-02 19:38:25 Start.
2018-04-02 19:38:25 [ERROR-1004]:引入测试方案模块失败引发的异常.U商城/U商城核心业务流程/周期购业务流程/周期购业务流程.inconsistent use of tabs and spaces in indentation (周期购业务流程.py, line 44)
2018-04-02 19:41:24 程序启动.调试.xml
2018-04-02 19:41:25 Start.
2018-04-02 19:41:25 [ERROR-1004]:引入测试方案模块失败引发的异常.U商城/U商城核心业务流程/周期购业务流程/周期购业务流程.inconsistent use of tabs and spaces in indentation (周期购业务流程.py, line 44)
2018-04-02 19:42:57 End.
2018-04-02 19:42:57 程序结束.调试.xml

2018-04-02 19:47:14 程序启动.调试.xml
2018-04-02 19:47:14 Start.
2018-04-02 19:51:25 End.
2018-04-02 19:51:25 程序结束.调试.xml

2018-04-02 21:15:22 程序启动.调试.xml
2018-04-02 21:15:23 Start.
2018-04-02 21:15:23 [ERROR-1004]:引入测试方案模块失败引发的异常.U商城/供应商管理/供应商设置/供应商设置.inconsistent use of tabs and spaces in indentation (供应商设置.py, line 23)
2018-04-02 21:16:44 End.
2018-04-02 21:16:44 程序结束.调试.xml

2018-04-03 09:20:22 程序启动.调试.xml
2018-04-03 09:20:22 Start.
2018-04-03 09:21:52 End.
2018-04-03 09:21:52 程序结束.调试.xml

2018-04-03 09:24:46 程序启动.调试.xml
2018-04-03 09:24:46 Start.
2018-04-03 09:26:19 End.
2018-04-03 09:26:19 程序结束.调试.xml

2018-04-03 09:27:49 程序启动.调试.xml
2018-04-03 09:27:50 Start.
2018-04-03 09:29:32 End.
2018-04-03 09:29:32 程序结束.调试.xml

2018-04-03 09:49:10 程序启动.调试.xml
2018-04-03 09:49:10 Start.
2018-04-03 09:51:02 End.
2018-04-03 09:51:02 程序结束.调试.xml

2018-04-03 15:07:09 程序启动.调试.xml
2018-04-03 15:07:10 Start.
2018-04-03 15:07:10 [ERROR-1004]:引入测试方案模块失败引发的异常.U商城/U商城核心业务流程/周期购业务流程/启用周期购业务流程.No module named 'script.testCase.U商城.U商城核心业务流程.周期购业务流程.启用周期购业务流程'
2018-04-03 15:08:53 End.
2018-04-03 15:08:53 程序结束.调试.xml

2018-04-03 15:10:12 程序启动.调试.xml
2018-04-03 15:10:13 Start.
2018-04-03 15:10:13 [ERROR-1004]:引入测试方案模块失败引发的异常.U商城/U商城核心业务流程/周期购业务流程/启用周期购业务.inconsistent use of tabs and spaces in indentation (启用周期购业务.py, line 20)
2018-04-03 15:11:37 End.
2018-04-03 15:11:37 程序结束.调试.xml

2018-04-03 15:16:54 程序启动.调试.xml
2018-04-03 15:16:55 Start.
2018-04-03 15:16:55 [ERROR-1004]:引入测试方案模块失败引发的异常.U商城/U商城核心业务流程/周期购业务流程/启用周期购业务.inconsistent use of tabs and spaces in indentation (启用周期购业务.py, line 20)
2018-04-03 15:23:42 End.
2018-04-03 15:23:42 程序结束.调试.xml

2018-04-03 15:40:18 程序启动.调试.xml
2018-04-03 15:40:18 Start.
2018-04-03 15:40:18 [ERROR-1004]:引入测试方案模块失败引发的异常.U商城/U商城核心业务流程/周期购业务流程/启用周期购业务.unindent does not match any outer indentation level (启用周期购业务.py, line 64)
2018-04-03 15:41:46 End.
2018-04-03 15:41:46 程序结束.调试.xml

2018-04-03 15:42:53 程序启动.调试.xml
2018-04-03 15:42:54 Start.
2018-04-03 15:51:20 程序启动.调试.xml
2018-04-03 15:51:21 Start.
2018-04-03 15:53:40 End.
2018-04-03 15:53:40 程序结束.调试.xml

2018-04-04 13:33:27 程序启动.调试.xml
2018-04-04 13:33:28 Start.
2018-04-07 10:27:31 程序启动.调试.xml
2018-04-07 10:27:31 Start.
2018-04-07 10:29:32 End.
2018-04-07 10:29:32 程序结束.调试.xml

2018-04-07 16:06:27 程序启动.调试.xml
2018-04-07 16:06:28 Start.
2018-04-07 16:08:44 End.
2018-04-07 16:08:44 程序结束.调试.xml

2018-04-07 16:13:17 程序启动.调试.xml
2018-04-07 16:13:17 Start.
2018-04-07 16:15:34 End.
2018-04-07 16:15:34 程序结束.调试.xml

2018-04-07 16:18:16 程序启动.调试.xml
2018-04-07 16:18:17 Start.
2018-04-07 16:20:33 End.
2018-04-07 16:20:33 程序结束.调试.xml

2018-04-07 16:25:49 程序启动.调试.xml
2018-04-07 16:25:49 Start.
2018-04-07 16:28:10 End.
2018-04-07 16:28:10 程序结束.调试.xml

2018-04-07 16:29:50 程序启动.调试.xml
2018-04-07 16:29:50 Start.
2018-04-07 16:29:51 程序启动.调试.xml
2018-04-07 16:29:52 Start.
2018-04-07 16:30:17 程序启动.调试.xml
2018-04-07 16:30:17 Start.
2018-04-07 16:32:48 End.
2018-04-07 16:32:48 程序结束.调试.xml

2018-04-07 16:34:20 程序启动.调试.xml
2018-04-07 16:34:21 Start.
2018-04-07 16:36:57 End.
2018-04-07 16:36:57 程序结束.调试.xml

2018-04-07 16:39:24 程序启动.调试.xml
2018-04-07 16:39:25 Start.
2018-04-07 16:41:59 End.
2018-04-07 16:41:59 程序结束.调试.xml

2018-04-07 16:42:59 程序启动.调试.xml
2018-04-07 16:43:00 Start.
2018-04-08 10:12:29 程序启动.调试.xml
2018-04-08 10:12:29 Start.
2018-04-08 10:16:49 End.
2018-04-08 10:16:49 程序结束.调试.xml

2018-04-08 10:18:08 程序启动.调试.xml
2018-04-08 10:18:09 Start.
2018-04-08 10:22:17 End.
2018-04-08 10:22:17 程序结束.调试.xml

2018-04-08 10:23:49 程序启动.调试.xml
2018-04-08 10:23:50 Start.
2018-04-08 10:29:17 程序启动.调试.xml
2018-04-08 10:29:18 Start.
2018-04-08 10:31:31 End.
2018-04-08 10:31:31 程序结束.调试.xml

2018-04-08 10:35:10 End.
2018-04-08 10:35:10 程序结束.调试.xml

2018-04-08 10:51:12 程序启动.调试.xml
2018-04-08 10:51:12 Start.
2018-04-08 10:53:45 End.
2018-04-08 10:53:45 程序结束.调试.xml

2018-04-08 10:55:11 程序启动.调试.xml
2018-04-08 10:55:12 Start.
2018-04-08 10:59:14 End.
2018-04-08 10:59:14 程序结束.调试.xml

2018-04-08 11:03:42 程序启动.调试.xml
2018-04-08 11:03:43 Start.
2018-04-08 11:07:20 End.
2018-04-08 11:07:20 程序结束.调试.xml

2018-04-08 11:16:27 程序启动.调试.xml
2018-04-08 11:16:27 Start.
2018-04-08 11:20:05 End.
2018-04-08 11:20:05 程序结束.调试.xml

2018-04-08 11:22:03 程序启动.调试.xml
2018-04-08 11:22:04 Start.
2018-04-08 11:25:47 End.
2018-04-08 11:25:47 程序结束.调试.xml

2018-04-08 11:29:21 程序启动.调试.xml
2018-04-08 11:29:21 Start.
2018-04-08 11:33:11 End.
2018-04-08 11:33:11 程序结束.调试.xml

2018-04-08 13:27:28 程序启动.调试.xml
2018-04-08 13:27:28 Start.
2018-04-08 13:30:07 End.
2018-04-08 13:30:07 程序结束.调试.xml

2018-04-08 13:32:49 程序启动.调试.xml
2018-04-08 13:32:49 Start.
2018-04-08 13:36:32 End.
2018-04-08 13:36:32 程序结束.调试.xml

2018-04-08 13:40:10 程序启动.调试.xml
2018-04-08 13:40:10 Start.
2018-04-08 13:42:47 End.
2018-04-08 13:42:47 程序结束.调试.xml

2018-04-08 13:59:24 程序启动.调试.xml
2018-04-08 13:59:24 Start.
2018-04-08 14:02:01 End.
2018-04-08 14:02:01 程序结束.调试.xml

2018-04-08 14:04:38 程序启动.调试.xml
2018-04-08 14:04:38 Start.
2018-04-08 14:07:19 End.
2018-04-08 14:07:19 程序结束.调试.xml

2018-04-08 14:13:33 程序启动.调试.xml
2018-04-08 14:13:34 Start.
2018-04-08 14:16:04 End.
2018-04-08 14:16:04 程序结束.调试.xml

2018-04-08 14:21:25 程序启动.调试.xml
2018-04-08 14:21:25 Start.
2018-04-08 14:23:48 End.
2018-04-08 14:23:48 程序结束.调试.xml

2018-04-08 14:25:34 程序启动.调试.xml
2018-04-08 14:25:34 Start.
2018-04-08 14:28:03 End.
2018-04-08 14:28:03 程序结束.调试.xml

2018-04-08 14:29:48 程序启动.调试.xml
2018-04-08 14:29:49 Start.
2018-04-08 14:32:16 End.
2018-04-08 14:32:16 程序结束.调试.xml

2018-04-08 14:33:40 程序启动.调试.xml
2018-04-08 14:33:41 Start.
2018-04-08 14:36:09 End.
2018-04-08 14:36:09 程序结束.调试.xml

2018-04-08 15:09:06 程序启动.调试.xml
2018-04-08 15:09:07 Start.
2018-04-08 15:12:43 End.
2018-04-08 15:12:43 程序结束.调试.xml

2018-04-08 15:19:28 程序启动.调试.xml
2018-04-08 15:19:28 Start.
2018-04-08 15:23:24 End.
2018-04-08 15:23:24 程序结束.调试.xml

2018-04-08 15:31:35 程序启动.调试.xml
2018-04-08 15:31:35 Start.
2018-04-08 15:31:35 [ERROR-1004]:引入测试方案模块失败引发的异常.U商城/U商城核心业务流程/周期购业务流程/建立周期购商品.No module named 'script.testCase.U商城.U商城核心业务流程.周期购业务流程.建立周期购商品'
2018-04-08 15:33:00 End.
2018-04-08 15:33:00 程序结束.调试.xml

2018-04-08 15:35:29 程序启动.调试.xml
2018-04-08 15:35:29 Start.
2018-04-08 15:37:22 End.
2018-04-08 15:37:22 程序结束.调试.xml

2018-04-08 15:39:43 程序启动.调试.xml
2018-04-08 15:39:44 Start.
2018-04-08 15:41:39 End.
2018-04-08 15:41:39 程序结束.调试.xml

2018-04-08 15:52:33 程序启动.调试.xml
2018-04-08 15:52:33 Start.
2018-04-08 15:54:29 End.
2018-04-08 15:54:29 程序结束.调试.xml

2018-04-08 15:55:51 程序启动.调试.xml
2018-04-08 15:55:52 Start.
2018-04-08 15:57:50 End.
2018-04-08 15:57:50 程序结束.调试.xml

2018-04-08 16:01:10 程序启动.调试.xml
2018-04-08 16:01:11 Start.
2018-04-08 16:03:10 End.
2018-04-08 16:03:10 程序结束.调试.xml

2018-04-08 16:04:32 程序启动.调试.xml
2018-04-08 16:04:32 Start.
2018-04-08 16:06:35 End.
2018-04-08 16:06:35 程序结束.调试.xml

2018-04-08 16:09:06 程序启动.调试.xml
2018-04-08 16:09:07 Start.
2018-04-08 16:11:09 End.
2018-04-08 16:11:09 程序结束.调试.xml

2018-04-08 16:13:00 程序启动.调试.xml
2018-04-08 16:13:00 Start.
2018-04-08 16:15:00 End.
2018-04-08 16:15:00 程序结束.调试.xml

2018-04-08 16:17:07 程序启动.调试.xml
2018-04-08 16:17:08 Start.
2018-04-08 16:19:22 End.
2018-04-08 16:19:22 程序结束.调试.xml

2018-04-08 16:21:12 程序启动.调试.xml
2018-04-08 16:21:13 Start.
2018-04-08 16:22:33 程序启动.调试.xml
2018-04-08 16:22:34 Start.
2018-04-08 16:24:49 End.
2018-04-08 16:24:49 程序结束.调试.xml

2018-04-08 16:26:07 程序启动.调试.xml
2018-04-08 16:26:08 Start.
2018-04-08 16:28:12 End.
2018-04-08 16:28:12 程序结束.调试.xml

2018-04-08 16:28:37 程序启动.调试.xml
2018-04-08 16:28:38 Start.
2018-04-08 16:30:37 End.
2018-04-08 16:30:37 程序结束.调试.xml

2018-04-08 16:40:45 程序启动.调试.xml
2018-04-08 16:40:45 Start.
2018-04-08 16:43:00 End.
2018-04-08 16:43:00 程序结束.调试.xml

2018-04-08 16:43:26 程序启动.调试.xml
2018-04-08 16:43:27 Start.
2018-04-08 16:45:27 End.
2018-04-08 16:45:27 程序结束.调试.xml

2018-04-08 19:41:42 程序启动.调试.xml
2018-04-08 19:41:42 Start.
2018-04-08 19:43:51 End.
2018-04-08 19:43:51 程序结束.调试.xml

2018-04-08 19:54:29 程序启动.调试.xml
2018-04-08 19:54:30 Start.
2018-04-08 19:57:32 End.
2018-04-08 19:57:32 程序结束.调试.xml

2018-04-08 19:58:45 程序启动.调试.xml
2018-04-08 19:58:45 Start.
2018-04-08 20:00:51 End.
2018-04-08 20:00:51 程序结束.调试.xml

2018-04-08 20:09:30 程序启动.调试.xml
2018-04-08 20:09:31 Start.
2018-04-08 20:11:37 End.
2018-04-08 20:11:37 程序结束.调试.xml

2018-04-08 20:12:21 程序启动.调试.xml
2018-04-08 20:12:22 Start.
2018-04-08 20:15:17 End.
2018-04-08 20:15:17 程序结束.调试.xml

2018-04-08 20:17:32 程序启动.调试.xml
2018-04-08 20:17:33 Start.
2018-04-08 20:19:44 End.
2018-04-08 20:19:44 程序结束.调试.xml

2018-04-08 20:21:50 程序启动.调试.xml
2018-04-08 20:21:51 Start.
2018-04-08 20:24:00 End.
2018-04-08 20:24:00 程序结束.调试.xml

2018-04-08 20:24:55 程序启动.调试.xml
2018-04-08 20:24:56 Start.
2018-04-08 20:27:02 End.
2018-04-08 20:27:02 程序结束.调试.xml

2018-04-08 20:30:22 程序启动.调试.xml
2018-04-08 20:30:22 Start.
2018-04-08 20:33:39 End.
2018-04-08 20:33:39 程序结束.调试.xml

2018-04-08 20:38:03 程序启动.调试.xml
2018-04-08 20:38:04 Start.
2018-04-08 20:40:34 End.
2018-04-08 20:40:34 程序结束.调试.xml

2018-04-08 20:49:08 程序启动.调试.xml
2018-04-08 20:49:08 Start.
2018-04-08 20:51:42 End.
2018-04-08 20:51:42 程序结束.调试.xml

2018-04-08 21:08:07 程序启动.调试.xml
2018-04-08 21:08:07 Start.
2018-04-08 21:11:17 End.
2018-04-08 21:11:17 程序结束.调试.xml

2018-04-08 21:21:56 程序启动.调试.xml
2018-04-08 21:21:57 Start.
2018-04-08 21:24:53 End.
2018-04-08 21:24:53 程序结束.调试.xml

2018-04-08 21:26:42 程序启动.调试.xml
2018-04-08 21:26:43 Start.
2018-04-08 21:29:58 End.
2018-04-08 21:29:58 程序结束.调试.xml

2018-04-08 21:30:11 程序启动.调试.xml
2018-04-08 21:30:12 Start.
2018-04-08 21:33:22 End.
2018-04-08 21:33:22 程序结束.调试.xml

2018-04-09 09:42:21 程序启动.调试.xml
2018-04-09 09:42:22 Start.
2018-04-09 09:43:48 End.
2018-04-09 09:43:48 程序结束.调试.xml

2018-04-09 09:49:23 程序启动.调试.xml
2018-04-09 09:49:24 Start.
2018-04-09 09:51:47 End.
2018-04-09 09:51:47 程序结束.调试.xml

2018-04-09 09:53:15 程序启动.调试.xml
2018-04-09 09:53:15 Start.
2018-04-09 09:54:55 End.
2018-04-09 09:54:55 程序结束.调试.xml

2018-04-09 09:55:24 程序启动.调试.xml
2018-04-09 09:55:25 Start.
2018-04-09 09:57:02 End.
2018-04-09 09:57:02 程序结束.调试.xml

2018-04-09 10:00:32 程序启动.调试.xml
2018-04-09 10:00:33 Start.
2018-04-09 10:03:16 End.
2018-04-09 10:03:16 程序结束.调试.xml

2018-04-09 10:06:53 程序启动.调试.xml
2018-04-09 10:06:53 Start.
2018-04-09 10:08:29 End.
2018-04-09 10:08:29 程序结束.调试.xml

2018-04-09 10:11:09 程序启动.调试.xml
2018-04-09 10:11:09 Start.
2018-04-09 10:13:36 End.
2018-04-09 10:13:36 程序结束.调试.xml

2018-04-10 16:16:27 程序启动.调试.xml
2018-04-10 16:16:28 Start.
2018-04-10 16:17:59 End.
2018-04-10 16:17:59 程序结束.调试.xml

2018-04-10 16:18:21 程序启动.调试.xml
2018-04-10 16:18:22 Start.
2018-04-10 16:20:02 End.
2018-04-10 16:20:02 程序结束.调试.xml

2018-04-10 16:28:49 程序启动.调试.xml
2018-04-10 16:28:50 Start.
2018-04-10 16:30:47 End.
2018-04-10 16:30:47 程序结束.调试.xml

2018-04-10 16:31:29 程序启动.调试.xml
2018-04-10 16:31:29 Start.
2018-04-10 16:33:13 End.
2018-04-10 16:33:13 程序结束.调试.xml

2018-04-10 16:34:16 程序启动.调试.xml
2018-04-10 16:34:17 Start.
2018-04-10 16:36:00 End.
2018-04-10 16:36:00 程序结束.调试.xml

2018-04-10 21:05:29 程序启动.调试.xml
2018-04-10 21:05:30 Start.
2018-04-10 21:07:15 End.
2018-04-10 21:07:15 程序结束.调试.xml

2018-04-11 10:19:50 程序启动.调试.xml
2018-04-11 10:19:51 Start.
2018-04-11 10:23:34 End.
2018-04-11 10:23:34 程序结束.调试.xml

2018-04-11 10:24:22 程序启动.调试.xml
2018-04-11 10:24:23 Start.
2018-04-11 10:27:23 程序启动.调试.xml
2018-04-11 10:27:23 Start.
2018-04-11 10:28:00 End.
2018-04-11 10:28:00 程序结束.调试.xml

2018-04-11 10:28:59 End.
2018-04-11 10:28:59 程序结束.调试.xml

2018-04-11 10:34:41 程序启动.调试.xml
2018-04-11 10:34:42 Start.
2018-04-11 10:36:17 End.
2018-04-11 10:36:17 程序结束.调试.xml

2018-04-11 10:39:06 程序启动.调试.xml
2018-04-11 10:39:06 Start.
2018-04-11 10:40:41 End.
2018-04-11 10:40:41 程序结束.调试.xml

2018-04-11 10:42:19 程序启动.调试.xml
2018-04-11 10:42:19 Start.
2018-04-11 10:42:19 [ERROR-1004]:引入测试方案模块失败引发的异常.U商城/商城设置/站内信设置/站内信设置.unexpected indent (站内信设置.py, line 40)
2018-04-11 10:43:40 End.
2018-04-11 10:43:40 程序结束.调试.xml

2018-04-11 10:44:19 程序启动.调试.xml
2018-04-11 10:44:20 Start.
2018-04-11 10:44:41 程序启动.调试.xml
2018-04-11 10:44:42 Start.
2018-04-11 10:47:27 End.
2018-04-11 10:47:27 程序结束.调试.xml

2018-04-11 10:51:00 程序启动.调试.xml
2018-04-11 10:51:01 Start.
2018-04-11 10:52:55 End.
2018-04-11 10:52:55 程序结束.调试.xml

2018-04-11 10:56:04 程序启动.调试.xml
2018-04-11 10:56:05 Start.
2018-04-11 10:59:08 End.
2018-04-11 10:59:08 程序结束.调试.xml

2018-04-11 15:24:00 程序启动.调试.xml
2018-04-11 15:24:01 Start.
2018-04-11 15:27:11 End.
2018-04-11 15:27:11 程序结束.调试.xml

2018-04-11 15:27:31 程序启动.调试.xml
2018-04-11 15:27:31 Start.
2018-04-11 15:30:50 End.
2018-04-11 15:30:50 程序结束.调试.xml

2018-04-11 15:34:37 程序启动.调试.xml
2018-04-11 15:34:37 Start.
2018-04-11 15:37:48 End.
2018-04-11 15:37:48 程序结束.调试.xml

2018-04-11 15:59:10 程序启动.调试.xml
2018-04-11 15:59:11 Start.
2018-04-11 16:01:28 End.
2018-04-11 16:01:28 程序结束.调试.xml

2018-04-12 11:03:52 程序启动.调试.xml
2018-04-12 11:03:52 Start.
2018-04-12 11:07:12 End.
2018-04-12 11:07:12 程序结束.调试.xml

2018-04-12 11:11:35 程序启动.调试.xml
2018-04-12 11:11:35 Start.
2018-04-12 11:13:55 End.
2018-04-12 11:13:55 程序结束.调试.xml

2018-04-12 13:01:18 程序启动.调试.xml
2018-04-12 13:01:19 Start.
2018-04-12 13:01:19 [ERROR-1004]:引入测试方案模块失败引发的异常.U商城/U商城核心业务流程/周期购业务流程/创建周期购商品.No module named 'script.testCase.U商城.U商城核心业务流程.周期购业务流程.创建周期购商品'
2018-04-12 13:01:19 [ERROR-1004]:引入测试方案模块失败引发的异常.U商城/U商城核心业务流程/周期购业务流程/前端使用周期购商品下单.No module named 'script.testCase.U商城.U商城核心业务流程.周期购业务流程.前端使用周期购商品下单'
2018-04-12 13:03:51 End.
2018-04-12 13:03:51 程序结束.调试.xml

2018-04-12 13:05:04 程序启动.调试.xml
2018-04-12 13:05:04 Start.
2018-04-12 13:05:04 [ERROR-1004]:引入测试方案模块失败引发的异常.U商城/U商城核心业务流程/周期购业务流程/使用前端下单.No module named '新建周期购商品'
2018-04-12 13:15:00 End.
2018-04-12 13:15:00 程序结束.调试.xml

2018-04-12 13:16:24 程序启动.调试.xml
2018-04-12 13:16:24 Start.
2018-04-12 13:16:25 [ERROR-1004]:引入测试方案模块失败引发的异常.U商城/U商城核心业务流程/周期购业务流程/使用前端下单.No module named '新建周期购商品'
2018-04-12 13:22:10 程序启动.调试.xml
2018-04-12 13:22:10 Start.
2018-04-12 13:22:10 [ERROR-1004]:引入测试方案模块失败引发的异常.U商城/U商城核心业务流程/周期购业务流程/使用前端下单.No module named '新建周期购商品'
2018-04-12 13:27:27 程序启动.调试.xml
2018-04-12 13:27:27 Start.
2018-04-12 13:27:27 [ERROR-1004]:引入测试方案模块失败引发的异常.U商城/U商城核心业务流程/周期购业务流程/使用前端下单.No module named '新建周期购商品'
2018-04-12 13:32:22 程序启动.调试.xml
2018-04-12 13:32:22 Start.
2018-04-12 13:32:22 [ERROR-1004]:引入测试方案模块失败引发的异常.U商城/U商城核心业务流程/周期购业务流程/使用前端下单.No module named '新建周期购商品'
2018-04-12 13:32:54 程序启动.调试.xml
2018-04-12 13:32:54 Start.
2018-04-12 13:32:54 [ERROR-1004]:引入测试方案模块失败引发的异常.U商城/U商城核心业务流程/周期购业务流程/使用前端下单.No module named '新建周期购商品'
2018-04-12 13:37:00 程序启动.调试.xml
2018-04-12 13:37:00 Start.
2018-04-12 13:37:01 [ERROR-1004]:引入测试方案模块失败引发的异常.U商城/U商城核心业务流程/周期购业务流程/使用前端下单.No module named '新建周期购商品'
2018-04-12 13:39:46 程序启动.调试.xml
2018-04-12 13:39:46 Start.
2018-04-12 13:39:46 [ERROR-1004]:引入测试方案模块失败引发的异常.U商城/U商城核心业务流程/周期购业务流程/使用前端下单.No module named '新建周期购商品'
2018-04-12 13:48:12 End.
2018-04-12 13:48:12 程序结束.调试.xml

2018-04-12 13:57:15 程序启动.调试.xml
2018-04-12 13:57:15 Start.
2018-04-12 13:57:15 [ERROR-1004]:引入测试方案模块失败引发的异常.U商城/U商城核心业务流程/周期购业务流程/使用前端下单.No module named '新建周期购商品'
2018-04-12 14:00:43 End.
2018-04-12 14:00:43 程序结束.调试.xml

2018-04-12 14:09:38 程序启动.调试.xml
2018-04-12 14:09:39 Start.
2018-04-12 14:09:39 [ERROR-1004]:引入测试方案模块失败引发的异常.U商城/U商城核心业务流程/周期购业务流程/使用前端下单.No module named '新建周期购商品'
2018-04-12 14:09:47 程序启动.调试.xml
2018-04-12 14:09:47 Start.
2018-04-12 14:09:47 [ERROR-1004]:引入测试方案模块失败引发的异常.U商城/U商城核心业务流程/周期购业务流程/使用前端下单.No module named '新建周期购商品'
2018-04-12 14:15:46 程序启动.调试.xml
2018-04-12 14:15:47 Start.
2018-04-12 14:17:55 程序启动.调试.xml
2018-04-12 14:17:56 Start.
2018-04-12 14:25:02 程序启动.调试.xml
2018-04-12 14:25:03 Start.
2018-04-12 14:25:03 [ERROR-1004]:引入测试方案模块失败引发的异常.U商城/商城前端登陆退出/前端登陆.inconsistent use of tabs and spaces in indentation (前端登陆.py, line 28)
2018-04-12 14:26:26 程序启动.调试.xml
2018-04-12 14:26:26 Start.
2018-04-12 14:26:26 [ERROR-1004]:引入测试方案模块失败引发的异常.U商城/商城前端登陆退出/前端登陆.inconsistent use of tabs and spaces in indentation (前端登陆.py, line 28)
2018-04-12 14:31:04 End.
2018-04-12 14:31:04 程序结束.调试.xml

2018-04-12 14:44:07 程序启动.调试.xml
2018-04-12 14:44:08 Start.
2018-04-12 14:44:08 [ERROR-1004]:引入测试方案模块失败引发的异常.U商城/商城前端登陆退出/前端登陆.inconsistent use of tabs and spaces in indentation (前端登陆.py, line 28)
2018-04-12 14:48:43 End.
2018-04-12 14:48:43 程序结束.调试.xml

2018-04-12 14:48:52 程序启动.调试.xml
2018-04-12 14:48:52 Start.
2018-04-12 14:48:52 [ERROR-1004]:引入测试方案模块失败引发的异常.U商城/商城前端登陆退出/前端登陆.inconsistent use of tabs and spaces in indentation (前端登陆.py, line 28)
2018-04-12 14:51:05 程序启动.调试.xml
2018-04-12 14:51:06 Start.
2018-04-12 14:51:06 [ERROR-1004]:引入测试方案模块失败引发的异常.U商城/商城前端登陆退出/前端登陆.inconsistent use of tabs and spaces in indentation (前端登陆.py, line 29)
2018-04-12 14:51:21 End.
2018-04-12 14:51:21 程序结束.调试.xml

2018-04-12 14:59:12 程序启动.调试.xml
2018-04-12 14:59:13 Start.
2018-04-12 15:02:36 End.
2018-04-12 15:02:36 程序结束.调试.xml

2018-04-12 15:03:10 程序启动.调试.xml
2018-04-12 15:03:11 Start.
2018-04-12 15:06:22 End.
2018-04-12 15:06:22 程序结束.调试.xml

2018-04-12 15:07:20 程序启动.调试.xml
2018-04-12 15:07:21 Start.
2018-04-12 15:10:22 End.
2018-04-12 15:10:22 程序结束.调试.xml

2018-04-12 15:13:07 程序启动.调试.xml
2018-04-12 15:13:07 Start.
2018-04-12 15:59:57 程序启动.调试.xml
2018-04-12 15:59:58 Start.
2018-04-12 16:02:35 End.
2018-04-12 16:02:35 程序结束.调试.xml

2018-04-12 16:03:42 程序启动.调试.xml
2018-04-12 16:03:43 Start.
2018-04-12 16:06:22 End.
2018-04-12 16:06:22 程序结束.调试.xml

2018-04-13 14:15:29 程序启动.调试.xml
2018-04-13 14:15:29 Start.
2018-04-13 14:15:29 [ERROR-1004]:引入测试方案模块失败引发的异常.U商城/商城前端登陆退出/前端登陆.inconsistent use of tabs and spaces in indentation (前端登陆.py, line 29)
2018-04-13 14:22:49 End.
2018-04-13 14:22:49 程序结束.调试.xml

2018-04-13 14:26:32 程序启动.调试.xml
2018-04-13 14:26:33 Start.
2018-04-13 14:26:33 [ERROR-1004]:引入测试方案模块失败引发的异常.U商城/商城前端登陆退出/前端登陆.inconsistent use of tabs and spaces in indentation (前端登陆.py, line 29)
2018-04-13 14:30:14 程序启动.调试.xml
2018-04-13 14:30:15 Start.
2018-04-13 14:31:08 End.
2018-04-13 14:31:08 程序结束.调试.xml

2018-04-13 14:31:57 End.
2018-04-13 14:31:57 程序结束.调试.xml

2018-04-13 14:38:25 程序启动.调试.xml
2018-04-13 14:38:25 Start.
2018-04-13 14:40:24 End.
2018-04-13 14:40:24 程序结束.调试.xml

2018-04-13 14:43:33 程序启动.调试.xml
2018-04-13 14:43:33 Start.
2018-04-13 14:44:16 End.
2018-04-13 14:44:16 程序结束.调试.xml

2018-04-13 14:44:41 程序启动.调试.xml
2018-04-13 14:44:42 Start.
2018-04-13 14:46:20 End.
2018-04-13 14:46:20 程序结束.调试.xml

2018-04-13 14:46:48 程序启动.调试.xml
2018-04-13 14:46:49 Start.
2018-04-13 14:47:41 End.
2018-04-13 14:47:41 程序结束.调试.xml

2018-04-13 14:52:49 程序启动.调试.xml
2018-04-13 14:52:49 Start.
2018-04-13 14:53:42 End.
2018-04-13 14:53:42 程序结束.调试.xml

2018-04-13 14:54:06 程序启动.调试.xml
2018-04-13 14:54:06 Start.
2018-04-13 14:55:08 End.
2018-04-13 14:55:08 程序结束.调试.xml

2018-04-13 15:11:20 程序启动.调试.xml
2018-04-13 15:11:21 Start.
2018-04-13 15:16:01 程序启动.调试.xml
2018-04-13 15:16:01 Start.
2018-04-13 15:18:06 程序启动.调试.xml
2018-04-13 15:18:06 Start.
2018-04-13 15:22:16 End.
2018-04-13 15:22:16 程序结束.调试.xml

2018-04-13 15:22:58 程序启动.调试.xml
2018-04-13 15:22:59 Start.
2018-04-13 15:24:07 End.
2018-04-13 15:24:07 程序结束.调试.xml

2018-04-13 15:24:31 程序启动.调试.xml
2018-04-13 15:24:32 Start.
2018-04-13 15:29:13 End.
2018-04-13 15:29:13 程序结束.调试.xml

2018-04-13 15:35:02 程序启动.调试.xml
2018-04-13 15:35:02 Start.
2018-04-13 15:38:51 End.
2018-04-13 15:38:51 程序结束.调试.xml

2018-04-13 15:42:57 程序启动.调试.xml
2018-04-13 15:42:57 Start.
2018-04-13 15:46:46 End.
2018-04-13 15:46:46 程序结束.调试.xml

2018-04-13 15:52:01 程序启动.调试.xml
2018-04-13 15:52:01 Start.
2018-04-13 15:53:29 End.
2018-04-13 15:53:29 程序结束.调试.xml

2018-04-13 15:56:40 程序启动.调试.xml
2018-04-13 15:56:41 Start.
2018-04-13 15:58:10 End.
2018-04-13 15:58:10 程序结束.调试.xml

2018-04-13 16:00:48 程序启动.调试.xml
2018-04-13 16:00:48 Start.
2018-04-13 16:02:16 End.
2018-04-13 16:02:16 程序结束.调试.xml

2018-04-13 16:15:07 程序启动.调试.xml
2018-04-13 16:15:08 Start.
2018-04-13 16:16:26 End.
2018-04-13 16:16:26 程序结束.调试.xml

2018-04-13 16:17:45 程序启动.调试.xml
2018-04-13 16:17:46 Start.
2018-04-13 16:19:04 End.
2018-04-13 16:19:04 程序结束.调试.xml

2018-04-14 09:52:41 程序启动.调试.xml
2018-04-14 09:52:41 Start.
2018-04-14 09:57:43 End.
2018-04-14 09:57:43 程序结束.调试.xml

2018-04-14 10:15:24 程序启动.调试.xml
2018-04-14 10:15:24 Start.
2018-04-14 10:17:34 End.
2018-04-14 10:17:34 程序结束.调试.xml

2018-04-14 10:19:36 程序启动.调试.xml
2018-04-14 10:19:37 Start.
2018-04-14 10:23:29 程序启动.调试.xml
2018-04-14 10:23:30 Start.
2018-04-14 10:23:31 End.
2018-04-14 10:23:31 程序结束.调试.xml

2018-04-14 10:25:45 End.
2018-04-14 10:25:45 程序结束.调试.xml

2018-04-14 10:27:33 程序启动.调试.xml
2018-04-14 10:27:34 Start.
2018-04-14 10:29:46 End.
2018-04-14 10:29:46 程序结束.调试.xml

2018-04-14 10:30:57 程序启动.调试.xml
2018-04-14 10:30:57 Start.
2018-04-14 10:34:32 End.
2018-04-14 10:34:32 程序结束.调试.xml

2018-04-14 10:40:11 程序启动.调试.xml
2018-04-14 10:40:11 Start.
2018-04-14 13:42:39 程序启动.调试.xml
2018-04-14 13:42:40 Start.
2018-04-14 15:21:05 程序启动.调试.xml
2018-04-14 15:21:06 Start.
2018-04-14 15:22:54 End.
2018-04-14 15:22:54 程序结束.调试.xml

2018-04-14 15:24:17 程序启动.调试.xml
2018-04-14 15:24:17 Start.
2018-04-14 15:26:05 End.
2018-04-14 15:26:05 程序结束.调试.xml

2018-04-14 15:30:22 程序启动.调试.xml
2018-04-14 15:30:23 Start.
2018-04-14 15:31:24 End.
2018-04-14 15:31:24 程序结束.调试.xml

2018-04-14 15:33:39 程序启动.调试.xml
2018-04-14 15:33:40 Start.
2018-04-14 15:34:36 End.
2018-04-14 15:34:36 程序结束.调试.xml

