2018-04-13 16:17:46 Start.
2018-04-13 16:17:46 场景<1>开始.
2018-04-13 16:17:51 chrome浏览器启动成功.
2018-04-13 16:17:51 开始加载脚本...
2018-04-13 16:17:51 脚本<1>：前端登陆 加载成功.脚本路径：script/testCase/U商城/商城前端登陆退出/前端登陆
2018-04-13 16:17:51 脚本<2>：使用前端下单 加载成功.脚本路径：script/testCase/U商城/U商城核心业务流程/周期购业务流程/使用前端下单
2018-04-13 16:17:51 脚本加载完成...
2018-04-13 16:17:51 开始运行脚本<class 'script.testCase.U商城.商城前端登陆退出.前端登陆.EasyCase'>
2018-04-13 16:17:53 行号:0    ERROR  最大化浏览器窗口[maximize_window]  用时:1.840s  [decorator.driverAction_dec]:unknown error: updateWindow is not defined
2018-04-13 16:17:57 行号:18   PASS   访问页面[get]  用时:1.887s  
2018-04-13 16:18:03 行号:21   PASS   查找元素[find_element]  用时:0.039s  
2018-04-13 16:18:04 行号:21   PASS   清除文本[clear]  用时:0.054s  
2018-04-13 16:18:05 行号:22   PASS   查找元素[find_element]  用时:0.040s  
2018-04-13 16:18:05 行号:22   PASS   模拟输入[send_keys]  用时:0.121s  
2018-04-13 16:18:06 行号:23   PASS   查找元素[find_element]  用时:0.041s  
2018-04-13 16:18:07 行号:23   PASS   清除文本[clear]  用时:0.027s  
2018-04-13 16:18:08 行号:24   PASS   查找元素[find_element]  用时:0.020s  
2018-04-13 16:18:09 行号:24   PASS   模拟输入[send_keys]  用时:0.196s  
2018-04-13 16:18:10 行号:25   PASS   查找元素[find_element]  用时:0.047s  
2018-04-13 16:18:10 行号:25   PASS   清除文本[clear]  用时:0.058s  
2018-04-13 16:18:11 行号:26   PASS   查找元素[find_element]  用时:0.030s  
2018-04-13 16:18:12 行号:26   PASS   模拟输入[send_keys]  用时:0.100s  
2018-04-13 16:18:13 行号:27   PASS   查找元素[find_element]  用时:0.036s  
2018-04-13 16:18:14 行号:27   PASS   左键单击[click]  用时:0.069s  
2018-04-13 16:18:20 脚本运行完毕...
2018-04-13 16:18:20 开始运行脚本<class 'script.testCase.U商城.U商城核心业务流程.周期购业务流程.使用前端下单.EasyCase'>
2018-04-13 16:18:20 行号:0    PASS   最大化浏览器窗口[maximize_window]  用时:0.427s  
2018-04-13 16:18:21 行号:19   PASS   查找元素[find_element]  用时:0.038s  
2018-04-13 16:18:22 行号:19   PASS   清除文本[clear]  用时:0.041s  
2018-04-13 16:18:23 行号:19   PASS   查找元素[find_element]  用时:0.023s  
2018-04-13 16:18:23 行号:19   PASS   模拟输入[send_keys]  用时:0.108s  
2018-04-13 16:18:24 行号:19   PASS   查找元素[find_element]  用时:0.041s  
2018-04-13 16:18:25 行号:19   PASS   左键单击[click]  用时:0.074s  
2018-04-13 16:18:29 行号:20   PASS   查找元素[find_element]  用时:0.041s  
2018-04-13 16:18:29 行号:20   PASS   左键单击[click]  用时:0.074s  
2018-04-13 16:18:30 行号:20   PASS   切换到窗口[window]  用时:0.003s  
2018-04-13 16:18:34 行号:20   PASS   查找元素[find_element]  用时:0.061s  
2018-04-13 16:18:35 行号:20   PASS   左键单击[click]  用时:0.072s  
2018-04-13 16:18:39 行号:21   PASS   查找元素[find_element]  用时:0.046s  
2018-04-13 16:18:40 行号:21   PASS   模拟输入[send_keys]  用时:0.100s  
2018-04-13 16:18:41 行号:21   PASS   查找元素[find_element]  用时:0.041s  
2018-04-13 16:18:41 行号:21   PASS   模拟输入[send_keys]  用时:0.111s  
2018-04-13 16:18:42 行号:21   PASS   查找元素[find_element]  用时:0.047s  
2018-04-13 16:18:43 行号:21   PASS   左键单击[click]  用时:0.066s  
2018-04-13 16:18:44 行号:22   PASS   查找元素[find_element]  用时:0.043s  
2018-04-13 16:18:45 行号:22   PASS   左键单击[click]  用时:0.084s  
2018-04-13 16:18:46 行号:23   PASS   查找元素[find_element]  用时:0.042s  
2018-04-13 16:18:46 行号:23   PASS   左键单击[click]  用时:0.042s  
2018-04-13 16:18:47 行号:23   PASS   查找元素[find_element]  用时:0.042s  
2018-04-13 16:18:48 行号:23   PASS   模拟输入[send_keys]  用时:0.078s  
2018-04-13 16:18:52 行号:24   PASS   查找元素[find_element]  用时:0.045s  
2018-04-13 16:18:52 行号:24   PASS   左键单击[click]  用时:0.077s  
2018-04-13 16:18:58 行号:24   PASS   查找元素[find_element]  用时:0.018s  
2018-04-13 16:18:59 行号:24   PASS   左键单击[click]  用时:0.038s  
2018-04-13 16:19:00 行号:0    ERROR  [runTest]  用时:  测试用例脚本发生错误，请检查脚本代码：'NoneType' object has no attribute 'find_element_by_css_selector'
2018-04-13 16:19:00 脚本运行完毕...
2018-04-13 16:19:00 行号:0    PASS   关闭浏览器[quit]  用时:0.065s  
2018-04-13 16:19:04 场景<1>结束.用时:78.008s.
2018-04-13 16:19:04 场景统计结果：PASS: 44(95.65%),FAIL:  0(0.00%),ERROR:  2(4.35%),TRUE:  0,FALSE:  0

2018-04-13 16:19:04 ----------------------------------------
2018-04-13 16:19:04 End.
2018-04-13 16:19:04 测试方案统计结果:
                    场景<1>:PASS: 44(95.65%),FAIL:  0(0.00%),ERROR:  2(4.35%),TRUE:  0,FALSE:  0
                    总   计:PASS: 44(95.65%),FAIL:  0(0.00%),ERROR:  2(4.35%),TRUE:  0,FALSE:  0

